
*** Running vivado
    with args -log Basys3.vdi -applog -m64 -product Vivado -messageDb vivado.pb -mode batch -source Basys3.tcl -notrace


****** Vivado v2017.4 (64-bit)
  **** SW Build 2086221 on Fri Dec 15 20:55:39 MST 2017
  **** IP Build 2085800 on Fri Dec 15 22:25:07 MST 2017
    ** Copyright 1986-2017 Xilinx, Inc. All Rights Reserved.

source Basys3.tcl -notrace
Command: link_design -top Basys3 -part xc7a35tcpg236-1
Design is defaulting to srcset: sources_1
Design is defaulting to constrset: constrs_1
INFO: [Netlist 29-17] Analyzing 45 Unisim elements for replacement
INFO: [Netlist 29-28] Unisim Transformation completed in 0 CPU seconds
INFO: [Project 1-479] Netlist was created with Vivado 2017.4
INFO: [Device 21-403] Loading part xc7a35tcpg236-1
INFO: [Project 1-570] Preparing netlist for logic optimization
Parsing XDC File [C:/Users/Manuel Aguirre/Desktop/intento de mult/Proyecto Base/Proyecto Base.srcs/constrs_1/new/Basys3.xdc]
Finished Parsing XDC File [C:/Users/Manuel Aguirre/Desktop/intento de mult/Proyecto Base/Proyecto Base.srcs/constrs_1/new/Basys3.xdc]
INFO: [Opt 31-138] Pushed 0 inverter(s) to 0 load pin(s).
INFO: [Project 1-111] Unisim Transformation Summary:
No Unisim elements were transformed.

7 Infos, 0 Warnings, 0 Critical Warnings and 0 Errors encountered.
link_design completed successfully
link_design: Time (s): cpu = 00:00:07 ; elapsed = 00:00:08 . Memory (MB): peak = 555.844 ; gain = 319.695
Command: opt_design
Attempting to get a license for feature 'Implementation' and/or device 'xc7a35t'
INFO: [Common 17-349] Got license for feature 'Implementation' and/or device 'xc7a35t'
Running DRC as a precondition to command opt_design

Starting DRC Task
INFO: [DRC 23-27] Running DRC with 2 threads
ERROR: [DRC MDRV-1] Multiple Driver Nets: Net inst_ALU/UNCONN_IN[0] has multiple drivers: inst_ALU/result_reg[7]_i_305/O, inst_ALU/result_reg[7]_i_301/O, inst_ALU/result_reg[7]_i_304/O, inst_ALU/result_reg[7]_i_302/O, inst_ALU/result_reg[7]_i_303/O, inst_ALU/result_reg[7]_i_300/O, inst_ALU/result_reg[7]_i_307/O, and result_reg[7]_i_306/O.
ERROR: [DRC MDRV-1] Multiple Driver Nets: Net inst_ALU/UNCONN_IN[10] has multiple drivers: result_reg[7]_i_227/O, inst_ALU/result_reg[7]_i_220/O, inst_ALU/result_reg[7]_i_226/O, inst_ALU/result_reg[7]_i_224/O, inst_ALU/result_reg[7]_i_222/O, inst_ALU/result_reg[7]_i_223/O, inst_ALU/result_reg[7]_i_225/O, and inst_ALU/result_reg[7]_i_221/O.
ERROR: [DRC MDRV-1] Multiple Driver Nets: Net inst_ALU/UNCONN_IN[11] has multiple drivers: result_reg[7]_i_211/O, inst_ALU/result_reg[7]_i_204/O, inst_ALU/result_reg[7]_i_209/O, inst_ALU/result_reg[7]_i_210/O, inst_ALU/result_reg[7]_i_207/O, inst_ALU/result_reg[7]_i_206/O, inst_ALU/result_reg[7]_i_205/O, and inst_ALU/result_reg[7]_i_208/O.
ERROR: [DRC MDRV-1] Multiple Driver Nets: Net inst_ALU/UNCONN_IN[12] has multiple drivers: result_reg[7]_i_194/O, inst_ALU/result_reg[7]_i_192/O, inst_ALU/result_reg[7]_i_195/O, inst_ALU/result_reg[7]_i_191/O, inst_ALU/result_reg[7]_i_190/O, inst_ALU/result_reg[7]_i_189/O, inst_ALU/result_reg[7]_i_193/O, and inst_ALU/result_reg[7]_i_196/O.
ERROR: [DRC MDRV-1] Multiple Driver Nets: Net inst_ALU/UNCONN_IN[1] has multiple drivers: inst_ALU/result_reg[7]_i_295/O, inst_ALU/result_reg[7]_i_296/O, inst_ALU/result_reg[7]_i_298/O, inst_ALU/result_reg[7]_i_294/O, inst_ALU/result_reg[7]_i_297/O, inst_ALU/result_reg[7]_i_293/O, inst_ALU/result_reg[7]_i_292/O, and result_reg[7]_i_299/O.
ERROR: [DRC MDRV-1] Multiple Driver Nets: Net inst_ALU/UNCONN_IN[2] has multiple drivers: inst_ALU/result_reg[7]_i_285/O, inst_ALU/result_reg[7]_i_288/O, inst_ALU/result_reg[7]_i_284/O, inst_ALU/result_reg[7]_i_286/O, inst_ALU/result_reg[7]_i_287/O, inst_ALU/result_reg[7]_i_289/O, inst_ALU/result_reg[7]_i_290/O, and result_reg[7]_i_291/O.
ERROR: [DRC MDRV-1] Multiple Driver Nets: Net inst_ALU/UNCONN_IN[3] has multiple drivers: inst_ALU/result_reg[7]_i_277/O, inst_ALU/result_reg[7]_i_279/O, inst_ALU/result_reg[7]_i_276/O, inst_ALU/result_reg[7]_i_278/O, inst_ALU/result_reg[7]_i_281/O, inst_ALU/result_reg[7]_i_280/O, inst_ALU/result_reg[7]_i_282/O, and result_reg[7]_i_283/O.
ERROR: [DRC MDRV-1] Multiple Driver Nets: Net inst_ALU/UNCONN_IN[4] has multiple drivers: inst_ALU/result_reg[7]_i_268/O, inst_ALU/result_reg[7]_i_269/O, inst_ALU/result_reg[7]_i_273/O, inst_ALU/result_reg[7]_i_270/O, inst_ALU/result_reg[7]_i_271/O, inst_ALU/result_reg[7]_i_272/O, inst_ALU/result_reg[7]_i_274/O, and result_reg[7]_i_275/O.
ERROR: [DRC MDRV-1] Multiple Driver Nets: Net inst_ALU/UNCONN_IN[5] has multiple drivers: inst_ALU/result_reg[7]_i_266/O, inst_ALU/result_reg[7]_i_262/O, inst_ALU/result_reg[7]_i_264/O, inst_ALU/result_reg[7]_i_263/O, inst_ALU/result_reg[7]_i_260/O, inst_ALU/result_reg[7]_i_261/O, inst_ALU/result_reg[7]_i_265/O, and result_reg[7]_i_267/O.
ERROR: [DRC MDRV-1] Multiple Driver Nets: Net inst_ALU/UNCONN_IN[6] has multiple drivers: inst_ALU/result_reg[7]_i_257/O, inst_ALU/result_reg[7]_i_253/O, inst_ALU/result_reg[7]_i_252/O, inst_ALU/result_reg[7]_i_258/O, inst_ALU/result_reg[7]_i_256/O, inst_ALU/result_reg[7]_i_255/O, inst_ALU/result_reg[7]_i_254/O, and result_reg[7]_i_259/O.
ERROR: [DRC MDRV-1] Multiple Driver Nets: Net inst_ALU/UNCONN_IN[7] has multiple drivers: inst_ALU/result_reg[7]_i_249/O, inst_ALU/result_reg[7]_i_250/O, inst_ALU/result_reg[7]_i_248/O, inst_ALU/result_reg[7]_i_247/O, inst_ALU/result_reg[7]_i_244/O, inst_ALU/result_reg[7]_i_246/O, inst_ALU/result_reg[7]_i_245/O, and result_reg[7]_i_251/O.
ERROR: [DRC MDRV-1] Multiple Driver Nets: Net inst_ALU/UNCONN_IN[8] has multiple drivers: inst_ALU/result_reg[7]_i_240/O, inst_ALU/result_reg[7]_i_242/O, inst_ALU/result_reg[7]_i_241/O, result_reg[7]_i_243/O, inst_ALU/result_reg[7]_i_237/O, inst_ALU/result_reg[7]_i_238/O, inst_ALU/result_reg[7]_i_239/O, and inst_ALU/result_reg[7]_i_236/O.
ERROR: [DRC MDRV-1] Multiple Driver Nets: Net inst_ALU/UNCONN_IN[9] has multiple drivers: result_reg[7]_i_235/O, result_reg[7]_i_234/O, inst_ALU/result_reg[7]_i_229/O, inst_ALU/result_reg[7]_i_228/O, inst_ALU/result_reg[7]_i_233/O, inst_ALU/result_reg[7]_i_230/O, inst_ALU/result_reg[7]_i_232/O, and inst_ALU/result_reg[7]_i_231/O.
ERROR: [DRC MDRV-1] Multiple Driver Nets: Net inst_ALU/c has multiple drivers: inst_ALU/c_reg_i_117/O, inst_ALU/c_reg_i_118/O, inst_ALU/c_reg_i_119/O, inst_ALU/c_reg_i_124/O, inst_ALU/c_reg_i_120/O, inst_ALU/c_reg_i_122/O, inst_ALU/c_reg_i_123/O, and inst_ALU/c_reg_i_121/O.
ERROR: [DRC MDRV-1] Multiple Driver Nets: Net inst_ALU/c2 has multiple drivers: inst_ALU/c_reg_i_145/O, inst_ALU/c_reg_i_149/O, inst_ALU/c_reg_i_144/O, inst_ALU/c_reg_i_148/O, inst_ALU/c_reg_i_143/O, inst_ALU/c_reg_i_147/O, and inst_ALU/c_reg_i_146/O.
ERROR: [DRC MDRV-1] Multiple Driver Nets: Net inst_ALU/c2_22 has multiple drivers: inst_ALU/c_reg_i_157/O, inst_ALU/c_reg_i_159/O, inst_ALU/c_reg_i_158/O, inst_ALU/c_reg_i_163/O, inst_ALU/c_reg_i_162/O, c_reg_i_160/O, and c_reg_i_161/O.
ERROR: [DRC MDRV-1] Multiple Driver Nets: Net inst_ALU/c2_23 has multiple drivers: inst_ALU/c_reg_i_164/O, inst_ALU/c_reg_i_165/O, inst_ALU/c_reg_i_170/O, inst_ALU/c_reg_i_166/O, inst_ALU/c_reg_i_167/O, c_reg_i_168/O, and c_reg_i_169/O.
ERROR: [DRC MDRV-1] Multiple Driver Nets: Net inst_ALU/c2_24 has multiple drivers: inst_ALU/c_reg_i_173/O, inst_ALU/c_reg_i_172/O, inst_ALU/c_reg_i_171/O, inst_ALU/c_reg_i_174/O, inst_ALU/c_reg_i_177/O, c_reg_i_175/O, and c_reg_i_176/O.
ERROR: [DRC MDRV-1] Multiple Driver Nets: Net inst_ALU/c2_25 has multiple drivers: inst_ALU/c_reg_i_181/O, inst_ALU/c_reg_i_184/O, inst_ALU/c_reg_i_179/O, inst_ALU/c_reg_i_180/O, inst_ALU/c_reg_i_178/O, c_reg_i_182/O, and c_reg_i_183/O.
ERROR: [DRC MDRV-1] Multiple Driver Nets: Net inst_ALU/c2_26 has multiple drivers: inst_ALU/c_reg_i_186/O, inst_ALU/c_reg_i_185/O, inst_ALU/c_reg_i_187/O, inst_ALU/c_reg_i_191/O, inst_ALU/c_reg_i_188/O, c_reg_i_189/O, and c_reg_i_190/O.
ERROR: [DRC MDRV-1] Multiple Driver Nets: Net inst_ALU/c2_27 has multiple drivers: inst_ALU/c_reg_i_193/O, inst_ALU/c_reg_i_192/O, inst_ALU/c_reg_i_196/O, inst_ALU/c_reg_i_195/O, inst_ALU/c_reg_i_194/O, inst_ALU/c_reg_i_198/O, and c_reg_i_197/O.
ERROR: [DRC MDRV-1] Multiple Driver Nets: Net inst_ALU/c2_6 has multiple drivers: inst_ALU/c_reg_i_150/O, inst_ALU/c_reg_i_153/O, inst_ALU/c_reg_i_151/O, inst_ALU/c_reg_i_156/O, inst_ALU/c_reg_i_152/O, c_reg_i_154/O, and c_reg_i_155/O.
ERROR: [DRC MDRV-1] Multiple Driver Nets: Net inst_ALU/c_0 has multiple drivers: inst_ALU/c_reg_i_101/O, inst_ALU/c_reg_i_102/O, inst_ALU/c_reg_i_104/O, inst_ALU/c_reg_i_103/O, inst_ALU/c_reg_i_106/O, inst_ALU/c_reg_i_107/O, inst_ALU/c_reg_i_105/O, and inst_ALU/c_reg_i_108/O.
ERROR: [DRC MDRV-1] Multiple Driver Nets: Net inst_ALU/c_1 has multiple drivers: inst_ALU/c_reg_i_53/O, inst_ALU/c_reg_i_54/O, inst_ALU/c_reg_i_59/O, inst_ALU/c_reg_i_60/O, inst_ALU/c_reg_i_58/O, inst_ALU/c_reg_i_55/O, inst_ALU/c_reg_i_56/O, and inst_ALU/c_reg_i_57/O.
ERROR: [DRC MDRV-1] Multiple Driver Nets: Net inst_ALU/c_2 has multiple drivers: inst_ALU/c_reg_i_29/O, inst_ALU/c_reg_i_30/O, inst_ALU/c_reg_i_31/O, inst_ALU/c_reg_i_33/O, inst_ALU/c_reg_i_32/O, inst_ALU/c_reg_i_34/O, inst_ALU/c_reg_i_36/O, and inst_ALU/c_reg_i_35/O.
ERROR: [DRC MDRV-1] Multiple Driver Nets: Net inst_ALU/c_20 has multiple drivers: inst_ALU/result_reg[7]_i_391/O, inst_ALU/result_reg[7]_i_386/O, inst_ALU/result_reg[7]_i_390/O, inst_ALU/result_reg[7]_i_389/O, inst_ALU/result_reg[7]_i_392/O, inst_ALU/result_reg[7]_i_387/O, inst_ALU/result_reg[7]_i_388/O, and result_reg[7]_i_393/O.
ERROR: [DRC MDRV-1] Multiple Driver Nets: Net inst_ALU/c_3 has multiple drivers: inst_ALU/c_reg_i_138/O, inst_ALU/c_reg_i_139/O, inst_ALU/c_reg_i_133/O, inst_ALU/c_reg_i_137/O, inst_ALU/c_reg_i_134/O, inst_ALU/c_reg_i_135/O, inst_ALU/c_reg_i_136/O, and inst_ALU/c_reg_i_140/O.
ERROR: [DRC MDRV-1] Multiple Driver Nets: Net inst_ALU/c_4 has multiple drivers: inst_ALU/c_reg_i_128/O, inst_ALU/c_reg_i_127/O, inst_ALU/c_reg_i_129/O, inst_ALU/c_reg_i_130/O, inst_ALU/c_reg_i_126/O, inst_ALU/c_reg_i_125/O, inst_ALU/c_reg_i_132/O, and inst_ALU/c_reg_i_131/O.
ERROR: [DRC MDRV-1] Multiple Driver Nets: Net inst_ALU/c_5 has multiple drivers: inst_ALU/c_reg_i_113/O, inst_ALU/c_reg_i_116/O, inst_ALU/c_reg_i_115/O, inst_ALU/c_reg_i_114/O, inst_ALU/c_reg_i_112/O, inst_ALU/c_reg_i_109/O, inst_ALU/c_reg_i_110/O, and inst_ALU/c_reg_i_111/O.
ERROR: [DRC MDRV-1] Multiple Driver Nets: Net inst_ALU/c_7 has multiple drivers: inst_ALU/c_reg_i_77/O, inst_ALU/c_reg_i_80/O, inst_ALU/c_reg_i_81/O, inst_ALU/c_reg_i_78/O, inst_ALU/c_reg_i_83/O, inst_ALU/c_reg_i_79/O, inst_ALU/c_reg_i_82/O, and c_reg_i_84/O.
ERROR: [DRC MDRV-1] Multiple Driver Nets: Net inst_ALU/c_mult has multiple drivers: inst_ALU/c_reg_i_3/O, inst_ALU/c_reg_i_4/O, inst_ALU/c_reg_i_5/O, inst_ALU/c_reg_i_6/O, inst_ALU/c_reg_i_7/O, inst_ALU/c_reg_i_8/O, inst_ALU/c_reg_i_9/O, and inst_ALU/c_reg_i_10/O.
ERROR: [DRC MDRV-1] Multiple Driver Nets: Net inst_ALU/led[3][0] has multiple drivers: inst_ALU/result_reg[6]_i_2/O, inst_ALU/result_reg[6]_i_9/O, inst_ALU/result_reg[6]_i_3/O, inst_ALU/result_reg[6]_i_4/O, inst_ALU/result_reg[6]_i_8/O, inst_ALU/result_reg[6]_i_7/O, inst_ALU/result_reg[6]_i_5/O, and inst_ALU/result_reg[6]_i_6/O.
ERROR: [DRC MDRV-1] Multiple Driver Nets: Net inst_ALU/op5/ar2[12] has multiple drivers: inst_ALU/result_reg[7]_i_213/O, inst_ALU/result_reg[7]_i_217/O, inst_ALU/result_reg[7]_i_216/O, inst_ALU/result_reg[7]_i_214/O, inst_ALU/result_reg[7]_i_215/O, inst_ALU/result_reg[7]_i_212/O, inst_ALU/result_reg[7]_i_218/O, and inst_ALU/result_reg[7]_i_219/O.
ERROR: [DRC MDRV-1] Multiple Driver Nets: Net inst_ALU/op5/sm10/FA00/c has multiple drivers: inst_ALU/result_reg[7]_i_355/O, inst_ALU/result_reg[7]_i_358/O, inst_ALU/result_reg[7]_i_356/O, inst_ALU/result_reg[7]_i_357/O, inst_ALU/result_reg[7]_i_361/O, inst_ALU/result_reg[7]_i_362/O, inst_ALU/result_reg[7]_i_359/O, and inst_ALU/result_reg[7]_i_360/O.
ERROR: [DRC MDRV-1] Multiple Driver Nets: Net inst_ALU/op5/sm10/c2 has multiple drivers: inst_ALU/result_reg[7]_i_368/O, inst_ALU/result_reg[7]_i_363/O, inst_ALU/result_reg[7]_i_364/O, inst_ALU/result_reg[7]_i_367/O, inst_ALU/result_reg[7]_i_365/O, inst_ALU/result_reg[7]_i_366/O, and inst_ALU/result_reg[7]_i_369/O.
ERROR: [DRC MDRV-1] Multiple Driver Nets: Net inst_ALU/op5/sm12/FA00/c has multiple drivers: inst_ALU/result_reg[7]_i_324/O, inst_ALU/result_reg[7]_i_325/O, inst_ALU/result_reg[7]_i_326/O, inst_ALU/result_reg[7]_i_329/O, inst_ALU/result_reg[7]_i_330/O, inst_ALU/result_reg[7]_i_327/O, inst_ALU/result_reg[7]_i_328/O, and inst_ALU/result_reg[7]_i_331/O.
ERROR: [DRC MDRV-1] Multiple Driver Nets: Net inst_ALU/op5/sm12/c2 has multiple drivers: inst_ALU/result_reg[7]_i_333/O, inst_ALU/result_reg[7]_i_332/O, inst_ALU/result_reg[7]_i_338/O, inst_ALU/result_reg[7]_i_334/O, inst_ALU/result_reg[7]_i_335/O, inst_ALU/result_reg[7]_i_336/O, and inst_ALU/result_reg[7]_i_337/O.
ERROR: [DRC MDRV-1] Multiple Driver Nets: Net inst_ALU/op5/sm14/FA00/c has multiple drivers: inst_ALU/result_reg[7]_i_181/O, inst_ALU/result_reg[7]_i_182/O, inst_ALU/result_reg[7]_i_184/O, inst_ALU/result_reg[7]_i_183/O, inst_ALU/result_reg[7]_i_185/O, inst_ALU/result_reg[7]_i_187/O, inst_ALU/result_reg[7]_i_186/O, and inst_ALU/result_reg[7]_i_188/O.
ERROR: [DRC MDRV-1] Multiple Driver Nets: Net inst_ALU/op5/sm14/c2 has multiple drivers: inst_ALU/result_reg[7]_i_198/O, inst_ALU/result_reg[7]_i_197/O, inst_ALU/result_reg[7]_i_200/O, inst_ALU/result_reg[7]_i_201/O, inst_ALU/result_reg[7]_i_202/O, inst_ALU/result_reg[7]_i_199/O, and inst_ALU/result_reg[7]_i_203/O.
ERROR: [DRC MDRV-1] Multiple Driver Nets: Net inst_ALU/op5/sm2/FA00/c has multiple drivers: inst_ALU/result_reg[7]_i_158/O, inst_ALU/result_reg[7]_i_159/O, inst_ALU/result_reg[7]_i_160/O, inst_ALU/result_reg[7]_i_157/O, inst_ALU/result_reg[7]_i_161/O, inst_ALU/result_reg[7]_i_162/O, inst_ALU/result_reg[7]_i_163/O, and inst_ALU/result_reg[7]_i_164/O.
ERROR: [DRC MDRV-1] Multiple Driver Nets: Net inst_ALU/op5/sm2/c2 has multiple drivers: inst_ALU/result_reg[7]_i_420/O, inst_ALU/result_reg[7]_i_415/O, inst_ALU/result_reg[7]_i_417/O, inst_ALU/result_reg[7]_i_421/O, inst_ALU/result_reg[7]_i_416/O, inst_ALU/result_reg[7]_i_419/O, and inst_ALU/result_reg[7]_i_418/O.
ERROR: [DRC MDRV-1] Multiple Driver Nets: Net inst_ALU/op5/sm4/FA00/c has multiple drivers: inst_ALU/result_reg[7]_i_152/O, inst_ALU/result_reg[7]_i_151/O, inst_ALU/result_reg[7]_i_149/O, inst_ALU/result_reg[7]_i_150/O, inst_ALU/result_reg[7]_i_155/O, inst_ALU/result_reg[7]_i_154/O, inst_ALU/result_reg[7]_i_156/O, and inst_ALU/result_reg[7]_i_153/O.
ERROR: [DRC MDRV-1] Multiple Driver Nets: Net inst_ALU/op5/sm4/c2 has multiple drivers: inst_ALU/result_reg[7]_i_410/O, inst_ALU/result_reg[7]_i_411/O, inst_ALU/result_reg[7]_i_409/O, inst_ALU/result_reg[7]_i_408/O, inst_ALU/result_reg[7]_i_412/O, inst_ALU/result_reg[7]_i_413/O, and inst_ALU/result_reg[7]_i_414/O.
ERROR: [DRC MDRV-1] Multiple Driver Nets: Net inst_ALU/op5/sm6/FA00/c has multiple drivers: inst_ALU/result_reg[7]_i_144/O, inst_ALU/result_reg[7]_i_142/O, inst_ALU/result_reg[7]_i_143/O, inst_ALU/result_reg[7]_i_141/O, inst_ALU/result_reg[7]_i_148/O, inst_ALU/result_reg[7]_i_147/O, inst_ALU/result_reg[7]_i_145/O, and inst_ALU/result_reg[7]_i_146/O.
ERROR: [DRC MDRV-1] Multiple Driver Nets: Net inst_ALU/op5/sm6/c2 has multiple drivers: inst_ALU/result_reg[7]_i_401/O, inst_ALU/result_reg[7]_i_407/O, inst_ALU/result_reg[7]_i_403/O, inst_ALU/result_reg[7]_i_406/O, inst_ALU/result_reg[7]_i_404/O, inst_ALU/result_reg[7]_i_405/O, and inst_ALU/result_reg[7]_i_402/O.
ERROR: [DRC MDRV-1] Multiple Driver Nets: Net inst_ALU/op5/sm8/c2 has multiple drivers: inst_ALU/result_reg[7]_i_400/O, inst_ALU/result_reg[7]_i_399/O, inst_ALU/result_reg[7]_i_395/O, inst_ALU/result_reg[7]_i_394/O, inst_ALU/result_reg[7]_i_398/O, inst_ALU/result_reg[7]_i_397/O, and inst_ALU/result_reg[7]_i_396/O.
ERROR: [DRC MDRV-1] Multiple Driver Nets: Net inst_RegA/and1028_out has multiple drivers: inst_RegA/result_reg[2]_i_12/O, inst_RegA/result_reg[2]_i_15/O, inst_RegA/result_reg[2]_i_11/O, inst_RegA/result_reg[2]_i_13/O, inst_RegA/result_reg[2]_i_10/O, inst_RegA/result_reg[2]_i_4/O, inst_RegA/result_reg[2]_i_17/O, inst_RegA/result_reg[2]_i_2/O, inst_RegA/result_reg[2]_i_14/O, inst_RegA/result_reg[2]_i_16/O, inst_RegA/result_reg[2]_i_3/O, inst_RegA/result_reg[2]_i_5/O, inst_RegA/result_reg[2]_i_6/O, inst_RegA/result_reg[2]_i_7/O, inst_RegA/result_reg[2]_i_8/O... and (the first 15 of 16 listed).
ERROR: [DRC MDRV-1] Multiple Driver Nets: Net inst_RegA/and1028_out_21 has multiple drivers: inst_RegA/result_reg[4]_i_16/O, inst_RegA/result_reg[4]_i_15/O, inst_RegA/result_reg[4]_i_10/O, inst_RegA/result_reg[4]_i_11/O, inst_RegA/result_reg[4]_i_14/O, inst_RegA/result_reg[4]_i_13/O, inst_RegA/result_reg[4]_i_12/O, inst_RegA/result_reg[4]_i_7/O, inst_RegA/result_reg[4]_i_4/O, inst_RegA/result_reg[4]_i_8/O, inst_RegA/result_reg[4]_i_3/O, inst_RegA/result_reg[4]_i_6/O, inst_RegA/result_reg[4]_i_5/O, inst_RegA/result_reg[4]_i_2/O, inst_RegA/result_reg[4]_i_17/O... and (the first 15 of 16 listed).
ERROR: [DRC MDRV-1] Multiple Driver Nets: Net inst_RegA/and1028_out_23 has multiple drivers: inst_RegA/result_reg[6]_i_11/O, inst_RegA/result_reg[6]_i_10/O, inst_RegA/result_reg[6]_i_16/O, inst_RegA/result_reg[6]_i_17/O, inst_RegA/result_reg[6]_i_21/O, inst_RegA/result_reg[6]_i_22/O, inst_RegA/result_reg[6]_i_13/O, inst_RegA/result_reg[6]_i_15/O, inst_RegA/result_reg[6]_i_19/O, inst_RegA/result_reg[6]_i_12/O, inst_RegA/result_reg[6]_i_14/O, inst_RegA/result_reg[6]_i_18/O, inst_RegA/result_reg[6]_i_20/O, inst_RegA/result_reg[6]_i_23/O, inst_RegA/result_reg[6]_i_24/O... and (the first 15 of 16 listed).
ERROR: [DRC MDRV-1] Multiple Driver Nets: Net inst_RegA/and1028_out_25 has multiple drivers: inst_RegA/result_reg[7]_i_371/O, inst_RegA/result_reg[7]_i_373/O, inst_RegA/result_reg[7]_i_374/O, inst_RegA/result_reg[7]_i_372/O, inst_RegA/result_reg[7]_i_375/O, inst_RegA/result_reg[7]_i_370/O, inst_RegA/result_reg[7]_i_384/O, inst_RegA/result_reg[7]_i_377/O, inst_RegA/result_reg[7]_i_382/O, inst_RegA/result_reg[7]_i_376/O, inst_RegA/result_reg[7]_i_380/O, inst_RegA/result_reg[7]_i_385/O, inst_RegA/result_reg[7]_i_383/O, inst_RegA/result_reg[7]_i_379/O, inst_RegA/result_reg[7]_i_381/O... and (the first 15 of 16 listed).
ERROR: [DRC MDRV-1] Multiple Driver Nets: Net inst_RegA/and1028_out_27 has multiple drivers: inst_RegA/result_reg[7]_i_348/O, inst_RegA/result_reg[7]_i_343/O, inst_RegA/result_reg[7]_i_345/O, inst_RegA/result_reg[7]_i_344/O, inst_RegA/result_reg[7]_i_346/O, inst_RegA/result_reg[7]_i_341/O, inst_RegA/result_reg[7]_i_342/O, inst_RegA/result_reg[7]_i_347/O, inst_RegA/result_reg[7]_i_339/O, inst_RegA/result_reg[7]_i_340/O, inst_RegA/result_reg[7]_i_349/O, inst_RegA/result_reg[7]_i_354/O, inst_RegA/result_reg[7]_i_352/O, inst_RegA/result_reg[7]_i_350/O, inst_RegA/result_reg[7]_i_353/O... and (the first 15 of 16 listed).
ERROR: [DRC MDRV-1] Multiple Driver Nets: Net inst_RegA/and1028_out_29 has multiple drivers: inst_RegA/result_reg[7]_i_308/O, inst_RegA/result_reg[7]_i_309/O, inst_RegA/result_reg[7]_i_310/O, inst_RegA/result_reg[7]_i_311/O, inst_RegA/result_reg[7]_i_318/O, inst_RegA/result_reg[7]_i_319/O, inst_RegA/result_reg[7]_i_312/O, inst_RegA/result_reg[7]_i_314/O, inst_RegA/result_reg[7]_i_320/O, inst_RegA/result_reg[7]_i_321/O, inst_RegA/result_reg[7]_i_316/O, inst_RegA/result_reg[7]_i_317/O, inst_RegA/result_reg[7]_i_313/O, inst_RegA/result_reg[7]_i_315/O, inst_RegA/result_reg[7]_i_323/O... and (the first 15 of 16 listed).
ERROR: [DRC MDRV-1] Multiple Driver Nets: Net inst_RegA/and1028_out_31 has multiple drivers: inst_RegA/result_reg[7]_i_170/O, inst_RegA/result_reg[7]_i_167/O, inst_RegA/result_reg[7]_i_171/O, inst_RegA/result_reg[7]_i_166/O, inst_RegA/result_reg[7]_i_169/O, inst_RegA/result_reg[7]_i_168/O, inst_RegA/result_reg[7]_i_165/O, inst_RegA/result_reg[7]_i_179/O, inst_RegA/result_reg[7]_i_178/O, inst_RegA/result_reg[7]_i_177/O, inst_RegA/result_reg[7]_i_173/O, inst_RegA/result_reg[7]_i_180/O, inst_RegA/result_reg[7]_i_174/O, inst_RegA/result_reg[7]_i_176/O, inst_RegA/result_reg[7]_i_175/O... and (the first 15 of 16 listed).
ERROR: [DRC MDRV-1] Multiple Driver Nets: Net inst_RegA/mout[0] has multiple drivers: inst_ALU/result_reg[7]_i_25/O, inst_ALU/result_reg[7]_i_26/O, inst_ALU/result_reg[7]_i_27/O, inst_ALU/result_reg[7]_i_28/O, inst_ALU/result_reg[7]_i_29/O, inst_ALU/result_reg[7]_i_3/O, inst_ALU/result_reg[7]_i_30/O, inst_ALU/result_reg[7]_i_32/O, inst_ALU/result_reg[7]_i_31/O, inst_ALU/result_reg[7]_i_33/O, inst_ALU/result_reg[7]_i_35/O, inst_ALU/result_reg[7]_i_34/O, inst_ALU/result_reg[7]_i_36/O, inst_ALU/result_reg[7]_i_37/O, inst_ALU/result_reg[7]_i_38/O... and (the first 15 of 121 listed).
ERROR: [DRC MDRV-1] Multiple Driver Nets: Net inst_RegA/s1_19 has multiple drivers: inst_RegA/result_reg[1]_i_12/O, inst_RegA/result_reg[1]_i_11/O, inst_RegA/result_reg[1]_i_13/O, inst_RegA/result_reg[1]_i_15/O, inst_RegA/result_reg[1]_i_14/O, inst_RegA/result_reg[1]_i_10/O, inst_RegA/result_reg[1]_i_9/O, inst_RegA/result_reg[1]_i_6/O, inst_RegA/result_reg[1]_i_3/O, inst_RegA/result_reg[1]_i_7/O, inst_RegA/result_reg[1]_i_5/O, inst_RegA/result_reg[1]_i_2/O, inst_RegA/result_reg[1]_i_4/O, inst_RegA/result_reg[1]_i_8/O, inst_RegA/result_reg[1]_i_17/O... and (the first 15 of 16 listed).
ERROR: [DRC MDRV-1] Multiple Driver Nets: Net inst_RegA/s1_20 has multiple drivers: inst_RegA/result_reg[3]_i_16/O, inst_RegA/result_reg[3]_i_3/O, inst_RegA/result_reg[3]_i_4/O, inst_RegA/result_reg[3]_i_14/O, inst_RegA/result_reg[3]_i_15/O, inst_RegA/result_reg[3]_i_13/O, inst_RegA/result_reg[3]_i_5/O, inst_RegA/result_reg[3]_i_6/O, inst_RegA/result_reg[3]_i_17/O, inst_RegA/result_reg[3]_i_2/O, inst_RegA/result_reg[3]_i_9/O, inst_RegA/result_reg[3]_i_8/O, inst_RegA/result_reg[3]_i_7/O, inst_RegA/result_reg[3]_i_12/O, inst_RegA/result_reg[3]_i_11/O... and (the first 15 of 16 listed).
ERROR: [DRC MDRV-1] Multiple Driver Nets: Net inst_RegA/s1_22 has multiple drivers: inst_RegA/result_reg[5]_i_2/O, inst_RegA/result_reg[5]_i_13/O, inst_RegA/result_reg[5]_i_17/O, inst_RegA/result_reg[5]_i_10/O, inst_RegA/result_reg[5]_i_11/O, inst_RegA/result_reg[5]_i_15/O, inst_RegA/result_reg[5]_i_16/O, inst_RegA/result_reg[5]_i_14/O, inst_RegA/result_reg[5]_i_12/O, inst_RegA/result_reg[5]_i_3/O, inst_RegA/result_reg[5]_i_5/O, inst_RegA/result_reg[5]_i_8/O, inst_RegA/result_reg[5]_i_7/O, inst_RegA/result_reg[5]_i_4/O, inst_RegA/result_reg[5]_i_6/O... and (the first 15 of 16 listed).
ERROR: [DRC MDRV-1] Multiple Driver Nets: Net inst_RegA/s1_24 has multiple drivers: inst_RegA/result_reg[7]_i_124/O, inst_RegA/result_reg[7]_i_133/O, inst_RegA/result_reg[7]_i_129/O, inst_RegA/result_reg[7]_i_125/O, inst_RegA/result_reg[7]_i_123/O, inst_RegA/result_reg[7]_i_127/O, inst_RegA/result_reg[7]_i_131/O, inst_RegA/result_reg[7]_i_132/O, inst_RegA/result_reg[7]_i_130/O, inst_RegA/result_reg[7]_i_126/O, inst_RegA/result_reg[7]_i_128/O, inst_RegA/result_reg[7]_i_135/O, inst_RegA/result_reg[7]_i_136/O, inst_RegA/result_reg[7]_i_138/O, inst_RegA/result_reg[7]_i_134/O... and (the first 15 of 16 listed).
ERROR: [DRC MDRV-1] Multiple Driver Nets: Net inst_RegA/s1_26 has multiple drivers: inst_RegA/c_reg_i_100/O, inst_RegA/c_reg_i_85/O, inst_RegA/c_reg_i_91/O, inst_RegA/c_reg_i_97/O, inst_RegA/c_reg_i_92/O, inst_RegA/c_reg_i_96/O, inst_RegA/c_reg_i_87/O, inst_RegA/c_reg_i_95/O, inst_RegA/c_reg_i_93/O, inst_RegA/c_reg_i_89/O, inst_RegA/c_reg_i_88/O, inst_RegA/c_reg_i_86/O, inst_RegA/c_reg_i_90/O, inst_RegA/c_reg_i_94/O, inst_RegA/c_reg_i_98/O... and (the first 15 of 16 listed).
ERROR: [DRC MDRV-1] Multiple Driver Nets: Net inst_RegA/s1_28 has multiple drivers: inst_RegA/c_reg_i_64/O, inst_RegA/c_reg_i_65/O, inst_RegA/c_reg_i_62/O, inst_RegA/c_reg_i_61/O, inst_RegA/c_reg_i_63/O, inst_RegA/c_reg_i_76/O, inst_RegA/c_reg_i_74/O, inst_RegA/c_reg_i_70/O, inst_RegA/c_reg_i_68/O, inst_RegA/c_reg_i_75/O, inst_RegA/c_reg_i_69/O, inst_RegA/c_reg_i_67/O, inst_RegA/c_reg_i_66/O, inst_RegA/c_reg_i_71/O, inst_RegA/c_reg_i_73/O... and (the first 15 of 16 listed).
ERROR: [DRC MDRV-1] Multiple Driver Nets: Net inst_RegA/s1_30 has multiple drivers: inst_RegA/c_reg_i_40/O, inst_RegA/c_reg_i_44/O, inst_RegA/c_reg_i_45/O, inst_RegA/c_reg_i_46/O, inst_RegA/c_reg_i_37/O, inst_RegA/c_reg_i_42/O, inst_RegA/c_reg_i_38/O, inst_RegA/c_reg_i_39/O, inst_RegA/c_reg_i_41/O, inst_RegA/c_reg_i_43/O, inst_RegA/c_reg_i_50/O, inst_RegA/c_reg_i_51/O, inst_RegA/c_reg_i_52/O, inst_RegA/c_reg_i_47/O, inst_RegA/c_reg_i_49/O... and (the first 15 of 16 listed).
ERROR: [DRC MDRV-1] Multiple Driver Nets: Net inst_RegA/s1_32 has multiple drivers: inst_RegA/c_reg_i_15/O, inst_RegA/c_reg_i_16/O, inst_RegA/c_reg_i_13/O, inst_RegA/c_reg_i_14/O, inst_RegA/c_reg_i_17/O, inst_RegA/c_reg_i_18/O, inst_RegA/c_reg_i_19/O, inst_RegA/c_reg_i_23/O, inst_RegA/c_reg_i_26/O, inst_RegA/c_reg_i_22/O, inst_RegA/c_reg_i_24/O, inst_RegA/c_reg_i_20/O, inst_RegA/c_reg_i_21/O, inst_RegA/c_reg_i_25/O, inst_RegA/c_reg_i_27/O... and (the first 15 of 16 listed).
INFO: [Project 1-461] DRC finished with 62 Errors
INFO: [Project 1-462] Please refer to the DRC report (report_drc) for more information.
ERROR: [Vivado_Tcl 4-78] Error(s) found during DRC. Opt_design not run.

Time (s): cpu = 00:00:01 ; elapsed = 00:00:00.637 . Memory (MB): peak = 569.316 ; gain = 13.473
INFO: [Common 17-83] Releasing license: Implementation
12 Infos, 0 Warnings, 0 Critical Warnings and 63 Errors encountered.
opt_design failed
ERROR: [Common 17-39] 'opt_design' failed due to earlier errors.

INFO: [Common 17-206] Exiting Vivado at Fri Apr 13 12:34:25 2018...
