#-----------------------------------------------------------
# Vivado v2017.4 (64-bit)
# SW Build 2086221 on Fri Dec 15 20:55:39 MST 2017
# IP Build 2085800 on Fri Dec 15 22:25:07 MST 2017
# Start of session at: Mon Apr  9 23:25:51 2018
# Process ID: 17456
# Current directory: C:/Users/Manuel Aguirre/Desktop/G2/Versiones/Manuel/Proyecto Base
# Command line: vivado.exe -gui_launcher_event rodinguilauncherevent50476 C:\Users\Manuel Aguirre\Desktop\G2\Versiones\Manuel\Proyecto Base\Proyecto Base.xpr
# Log file: C:/Users/Manuel Aguirre/Desktop/G2/Versiones/Manuel/Proyecto Base/vivado.log
# Journal file: C:/Users/Manuel Aguirre/Desktop/G2/Versiones/Manuel/Proyecto Base\vivado.jou
#-----------------------------------------------------------
start_gui
open_project {C:/Users/Manuel Aguirre/Desktop/G2/Versiones/Manuel/Proyecto Base/Proyecto Base.xpr}
INFO: [Project 1-313] Project file moved from 'C:/Users/Manuel Aguirre/Desktop/Proyecto Base' since last save.
CRITICAL WARNING: [Project 1-311] Could not find the file 'C:/Users/Manuel Aguirre/Desktop/G2/Versiones/Manuel/Proyecto Base/Proyecto Base.srcs/sim_1/new/sim1.vhd', nor could it be found using path 'C:/Users/Manuel Aguirre/Desktop/Proyecto Base/Proyecto Base.srcs/sim_1/new/sim1.vhd'.
Scanning sources...
Finished scanning sources
INFO: [IP_Flow 19-234] Refreshing IP repositories
INFO: [IP_Flow 19-1704] No user IP repositories specified
INFO: [IP_Flow 19-2313] Loaded Vivado IP repository 'C:/Xilinx/Vivado/2017.4/data/ip'.
update_compile_order -fileset sources_1
launch_runs synth_1 -jobs 4
[Mon Apr  9 23:28:03 2018] Launched synth_1...
Run output will be captured here: C:/Users/Manuel Aguirre/Desktop/G2/Versiones/Manuel/Proyecto Base/Proyecto Base.runs/synth_1/runme.log
launch_runs impl_1 -jobs 4
[Mon Apr  9 23:29:08 2018] Launched impl_1...
Run output will be captured here: C:/Users/Manuel Aguirre/Desktop/G2/Versiones/Manuel/Proyecto Base/Proyecto Base.runs/impl_1/runme.log
launch_runs impl_1 -to_step write_bitstream -jobs 4
[Mon Apr  9 23:30:19 2018] Launched impl_1...
Run output will be captured here: C:/Users/Manuel Aguirre/Desktop/G2/Versiones/Manuel/Proyecto Base/Proyecto Base.runs/impl_1/runme.log
open_hw
connect_hw_server
INFO: [Labtools 27-2285] Connecting to hw_server url TCP:localhost:3121
INFO: [Labtools 27-2222] Launching hw_server...
INFO: [Labtools 27-2221] Launch Output:

****** Xilinx hw_server v2017.4
  **** Build date : Dec 15 2017-21:08:27
    ** Copyright 1986-2017 Xilinx, Inc. All Rights Reserved.


open_hw_target
INFO: [Labtoolstcl 44-466] Opening hw_target localhost:3121/xilinx_tcf/Digilent/210183698638A
set_property PROGRAM.FILE {C:/Users/Manuel Aguirre/Desktop/G2/Versiones/Manuel/Proyecto Base/Proyecto Base.runs/impl_1/Basys3.bit} [get_hw_devices xc7a35t_0]
current_hw_device [get_hw_devices xc7a35t_0]
refresh_hw_device -update_hw_probes false [lindex [get_hw_devices xc7a35t_0] 0]
INFO: [Labtools 27-1434] Device xc7a35t (JTAG device index = 0) is programmed with a design that has no supported debug core(s) in it.
WARNING: [Labtools 27-3361] The debug hub core was not detected.
Resolution: 
1. Make sure the clock connected to the debug hub (dbg_hub) core is a free running clock and is active.
2. Make sure the BSCAN_SWITCH_USER_MASK device property in Vivado Hardware Manager reflects the user scan chain setting in the design and refresh the device.  To determine the user scan chain setting in the design, open the implemented design and use 'get_property C_USER_SCAN_CHAIN [get_debug_cores dbg_hub]'.
For more details on setting the scan chain property, consult the Vivado Debug and Programming User Guide (UG908).
set_property PROBES.FILE {} [get_hw_devices xc7a35t_0]
set_property FULL_PROBES.FILE {} [get_hw_devices xc7a35t_0]
set_property PROGRAM.FILE {C:/Users/Manuel Aguirre/Desktop/G2/Versiones/Manuel/Proyecto Base/Proyecto Base.runs/impl_1/Basys3.bit} [get_hw_devices xc7a35t_0]
program_hw_devices [get_hw_devices xc7a35t_0]
INFO: [Labtools 27-3164] End of startup status: HIGH
refresh_hw_device [lindex [get_hw_devices xc7a35t_0] 0]
INFO: [Labtools 27-1434] Device xc7a35t (JTAG device index = 0) is programmed with a design that has no supported debug core(s) in it.
WARNING: [Labtools 27-3361] The debug hub core was not detected.
Resolution: 
1. Make sure the clock connected to the debug hub (dbg_hub) core is a free running clock and is active.
2. Make sure the BSCAN_SWITCH_USER_MASK device property in Vivado Hardware Manager reflects the user scan chain setting in the design and refresh the device.  To determine the user scan chain setting in the design, open the implemented design and use 'get_property C_USER_SCAN_CHAIN [get_debug_cores dbg_hub]'.
For more details on setting the scan chain property, consult the Vivado Debug and Programming User Guide (UG908).
reset_run synth_1
launch_runs synth_1 -jobs 4
[Mon Apr  9 23:35:07 2018] Launched synth_1...
Run output will be captured here: C:/Users/Manuel Aguirre/Desktop/G2/Versiones/Manuel/Proyecto Base/Proyecto Base.runs/synth_1/runme.log
launch_runs impl_1 -jobs 4
[Mon Apr  9 23:36:10 2018] Launched impl_1...
Run output will be captured here: C:/Users/Manuel Aguirre/Desktop/G2/Versiones/Manuel/Proyecto Base/Proyecto Base.runs/impl_1/runme.log
launch_runs impl_1 -to_step write_bitstream -jobs 4
[Mon Apr  9 23:37:29 2018] Launched impl_1...
Run output will be captured here: C:/Users/Manuel Aguirre/Desktop/G2/Versiones/Manuel/Proyecto Base/Proyecto Base.runs/impl_1/runme.log
reset_run synth_1
launch_runs synth_1 -jobs 4
[Mon Apr  9 23:38:30 2018] Launched synth_1...
Run output will be captured here: C:/Users/Manuel Aguirre/Desktop/G2/Versiones/Manuel/Proyecto Base/Proyecto Base.runs/synth_1/runme.log
launch_runs impl_1 -jobs 4
[Mon Apr  9 23:39:27 2018] Launched impl_1...
Run output will be captured here: C:/Users/Manuel Aguirre/Desktop/G2/Versiones/Manuel/Proyecto Base/Proyecto Base.runs/impl_1/runme.log
launch_runs impl_1 -to_step write_bitstream -jobs 4
[Mon Apr  9 23:40:43 2018] Launched impl_1...
Run output will be captured here: C:/Users/Manuel Aguirre/Desktop/G2/Versiones/Manuel/Proyecto Base/Proyecto Base.runs/impl_1/runme.log
open_run impl_1
INFO: [Netlist 29-17] Analyzing 37 Unisim elements for replacement
INFO: [Netlist 29-28] Unisim Transformation completed in 0 CPU seconds
INFO: [Project 1-479] Netlist was created with Vivado 2017.4
INFO: [Device 21-403] Loading part xc7a35tcpg236-1
INFO: [Project 1-570] Preparing netlist for logic optimization
Parsing XDC File [C:/Users/Manuel Aguirre/Desktop/G2/Versiones/Manuel/Proyecto Base/.Xil/Vivado-17456-DESKTOP-5KS1BF2/dcp6/Basys3.xdc]
Finished Parsing XDC File [C:/Users/Manuel Aguirre/Desktop/G2/Versiones/Manuel/Proyecto Base/.Xil/Vivado-17456-DESKTOP-5KS1BF2/dcp6/Basys3.xdc]
Reading XDEF placement.
Reading placer database...
Reading XDEF routing.
Read XDEF File: Time (s): cpu = 00:00:00 ; elapsed = 00:00:00.051 . Memory (MB): peak = 1716.281 ; gain = 0.000
Restored from archive | CPU: 0.000000 secs | Memory: 0.000000 MB |
Finished XDEF File Restore: Time (s): cpu = 00:00:00 ; elapsed = 00:00:00.052 . Memory (MB): peak = 1716.281 ; gain = 0.000
INFO: [Project 1-111] Unisim Transformation Summary:
No Unisim elements were transformed.

open_run: Time (s): cpu = 00:00:21 ; elapsed = 00:00:15 . Memory (MB): peak = 1804.781 ; gain = 401.840
set_property PROBES.FILE {} [get_hw_devices xc7a35t_0]
set_property FULL_PROBES.FILE {} [get_hw_devices xc7a35t_0]
set_property PROGRAM.FILE {C:/Users/Manuel Aguirre/Desktop/G2/Versiones/Manuel/Proyecto Base/Proyecto Base.runs/impl_1/Basys3.bit} [get_hw_devices xc7a35t_0]
program_hw_devices [get_hw_devices xc7a35t_0]
INFO: [Labtools 27-3164] End of startup status: HIGH
refresh_hw_device [lindex [get_hw_devices xc7a35t_0] 0]
INFO: [Labtools 27-1434] Device xc7a35t (JTAG device index = 0) is programmed with a design that has no supported debug core(s) in it.
WARNING: [Labtools 27-3361] The debug hub core was not detected.
Resolution: 
1. Make sure the clock connected to the debug hub (dbg_hub) core is a free running clock and is active.
2. Make sure the BSCAN_SWITCH_USER_MASK device property in Vivado Hardware Manager reflects the user scan chain setting in the design and refresh the device.  To determine the user scan chain setting in the design, open the implemented design and use 'get_property C_USER_SCAN_CHAIN [get_debug_cores dbg_hub]'.
For more details on setting the scan chain property, consult the Vivado Debug and Programming User Guide (UG908).
reset_run synth_1
launch_runs synth_1 -jobs 4
[Mon Apr  9 23:43:07 2018] Launched synth_1...
Run output will be captured here: C:/Users/Manuel Aguirre/Desktop/G2/Versiones/Manuel/Proyecto Base/Proyecto Base.runs/synth_1/runme.log
launch_runs impl_1 -jobs 4
[Mon Apr  9 23:47:15 2018] Launched impl_1...
Run output will be captured here: C:/Users/Manuel Aguirre/Desktop/G2/Versiones/Manuel/Proyecto Base/Proyecto Base.runs/impl_1/runme.log
launch_runs impl_1 -to_step write_bitstream -jobs 4
[Mon Apr  9 23:48:58 2018] Launched impl_1...
Run output will be captured here: C:/Users/Manuel Aguirre/Desktop/G2/Versiones/Manuel/Proyecto Base/Proyecto Base.runs/impl_1/runme.log
set_property PROBES.FILE {} [get_hw_devices xc7a35t_0]
set_property FULL_PROBES.FILE {} [get_hw_devices xc7a35t_0]
set_property PROGRAM.FILE {C:/Users/Manuel Aguirre/Desktop/G2/Versiones/Manuel/Proyecto Base/Proyecto Base.runs/impl_1/Basys3.bit} [get_hw_devices xc7a35t_0]
program_hw_devices [get_hw_devices xc7a35t_0]
INFO: [Labtools 27-3164] End of startup status: HIGH
refresh_hw_device [lindex [get_hw_devices xc7a35t_0] 0]
INFO: [Labtools 27-1434] Device xc7a35t (JTAG device index = 0) is programmed with a design that has no supported debug core(s) in it.
WARNING: [Labtools 27-3361] The debug hub core was not detected.
Resolution: 
1. Make sure the clock connected to the debug hub (dbg_hub) core is a free running clock and is active.
2. Make sure the BSCAN_SWITCH_USER_MASK device property in Vivado Hardware Manager reflects the user scan chain setting in the design and refresh the device.  To determine the user scan chain setting in the design, open the implemented design and use 'get_property C_USER_SCAN_CHAIN [get_debug_cores dbg_hub]'.
For more details on setting the scan chain property, consult the Vivado Debug and Programming User Guide (UG908).
exit
INFO: [Common 17-206] Exiting Vivado at Mon Apr  9 23:52:55 2018...
