#-----------------------------------------------------------
# Vivado v2017.4 (64-bit)
# SW Build 2086221 on Fri Dec 15 20:55:39 MST 2017
# IP Build 2085800 on Fri Dec 15 22:25:07 MST 2017
# Start of session at: Thu Apr 12 22:35:33 2018
# Process ID: 2680
# Current directory: C:/Users/Manuel Aguirre/Desktop/intento de mult/Proyecto Base
# Command line: vivado.exe -gui_launcher_event rodinguilauncherevent2608 C:\Users\Manuel Aguirre\Desktop\intento de mult\Proyecto Base\Proyecto Base.xpr
# Log file: C:/Users/Manuel Aguirre/Desktop/intento de mult/Proyecto Base/vivado.log
# Journal file: C:/Users/Manuel Aguirre/Desktop/intento de mult/Proyecto Base\vivado.jou
#-----------------------------------------------------------
start_gui
open_project {C:/Users/Manuel Aguirre/Desktop/intento de mult/Proyecto Base/Proyecto Base.xpr}
INFO: [Project 1-313] Project file moved from 'C:/Users/Manuel Aguirre/Desktop/G2/Versiones/actual/Proyecto Base' since last save.
CRITICAL WARNING: [Project 1-311] Could not find the file 'C:/Users/Manuel Aguirre/Desktop/intento de mult/Proyecto Base/Proyecto Base.srcs/sim_1/new/sim1.vhd', nor could it be found using path 'C:/Users/Manuel Aguirre/Desktop/G2/Versiones/actual/Proyecto Base/Proyecto Base.srcs/sim_1/new/sim1.vhd'.
Scanning sources...
Finished scanning sources
INFO: [IP_Flow 19-234] Refreshing IP repositories
INFO: [IP_Flow 19-1704] No user IP repositories specified
INFO: [IP_Flow 19-2313] Loaded Vivado IP repository 'C:/Xilinx/Vivado/2017.4/data/ip'.
open_project: Time (s): cpu = 00:00:14 ; elapsed = 00:00:05 . Memory (MB): peak = 819.273 ; gain = 94.133
update_compile_order -fileset sources_1
reset_run synth_1
launch_runs synth_1 -jobs 4
[Thu Apr 12 22:49:02 2018] Launched synth_1...
Run output will be captured here: C:/Users/Manuel Aguirre/Desktop/intento de mult/Proyecto Base/Proyecto Base.runs/synth_1/runme.log
launch_runs impl_1 -jobs 4
[Thu Apr 12 22:50:17 2018] Launched impl_1...
Run output will be captured here: C:/Users/Manuel Aguirre/Desktop/intento de mult/Proyecto Base/Proyecto Base.runs/impl_1/runme.log
close [ open {C:/Users/Manuel Aguirre/Desktop/intento de mult/Proyecto Base/Proyecto Base.srcs/sources_1/new/submult.vhd} w ]
add_files {{C:/Users/Manuel Aguirre/Desktop/intento de mult/Proyecto Base/Proyecto Base.srcs/sources_1/new/submult.vhd}}
update_compile_order -fileset sources_1
reset_run synth_1
update_compile_order -fileset sources_1
launch_runs synth_1 -jobs 4
[Fri Apr 13 02:46:57 2018] Launched synth_1...
Run output will be captured here: C:/Users/Manuel Aguirre/Desktop/intento de mult/Proyecto Base/Proyecto Base.runs/synth_1/runme.log
reset_run synth_1
launch_runs synth_1 -jobs 4
[Fri Apr 13 02:50:38 2018] Launched synth_1...
Run output will be captured here: C:/Users/Manuel Aguirre/Desktop/intento de mult/Proyecto Base/Proyecto Base.runs/synth_1/runme.log
reset_run synth_1
launch_runs synth_1 -jobs 4
[Fri Apr 13 02:53:00 2018] Launched synth_1...
Run output will be captured here: C:/Users/Manuel Aguirre/Desktop/intento de mult/Proyecto Base/Proyecto Base.runs/synth_1/runme.log
reset_run synth_1
launch_runs synth_1 -jobs 4
[Fri Apr 13 02:54:06 2018] Launched synth_1...
Run output will be captured here: C:/Users/Manuel Aguirre/Desktop/intento de mult/Proyecto Base/Proyecto Base.runs/synth_1/runme.log
reset_run synth_1
launch_runs synth_1 -jobs 4
[Fri Apr 13 02:55:16 2018] Launched synth_1...
Run output will be captured here: C:/Users/Manuel Aguirre/Desktop/intento de mult/Proyecto Base/Proyecto Base.runs/synth_1/runme.log
launch_runs impl_1 -jobs 4
[Fri Apr 13 02:56:10 2018] Launched impl_1...
Run output will be captured here: C:/Users/Manuel Aguirre/Desktop/intento de mult/Proyecto Base/Proyecto Base.runs/impl_1/runme.log
reset_run impl_1
launch_runs impl_1 -jobs 4
[Fri Apr 13 03:00:36 2018] Launched impl_1...
Run output will be captured here: C:/Users/Manuel Aguirre/Desktop/intento de mult/Proyecto Base/Proyecto Base.runs/impl_1/runme.log
export_ip_user_files -of_objects  [get_files {{C:/Users/Manuel Aguirre/Desktop/intento de mult/Proyecto Base/Proyecto Base.srcs/sources_1/new/multbit.vhd}}] -no_script -reset -force -quiet
remove_files  {{C:/Users/Manuel Aguirre/Desktop/intento de mult/Proyecto Base/Proyecto Base.srcs/sources_1/new/multbit.vhd}}
file delete -force {C:/Users/Manuel Aguirre/Desktop/intento de mult/Proyecto Base/Proyecto Base.srcs/sources_1/new/multbit.vhd}
remove_files  {{C:/Users/Manuel Aguirre/Desktop/intento de mult/Proyecto Base/Proyecto Base.srcs/sources_1/new/multbit.vhd}}
WARNING: [Vivado 12-818] No files matched 'C:/Users/Manuel Aguirre/Desktop/intento de mult/Proyecto Base/Proyecto Base.srcs/sources_1/new/multbit.vhd'
reset_run synth_1
launch_runs impl_1 -to_step write_bitstream -jobs 4
[Fri Apr 13 03:14:07 2018] Launched synth_1...
Run output will be captured here: C:/Users/Manuel Aguirre/Desktop/intento de mult/Proyecto Base/Proyecto Base.runs/synth_1/runme.log
[Fri Apr 13 03:14:07 2018] Launched impl_1...
Run output will be captured here: C:/Users/Manuel Aguirre/Desktop/intento de mult/Proyecto Base/Proyecto Base.runs/impl_1/runme.log
reset_run synth_1
launch_runs synth_1 -jobs 4
[Fri Apr 13 12:23:09 2018] Launched synth_1...
Run output will be captured here: C:/Users/Manuel Aguirre/Desktop/intento de mult/Proyecto Base/Proyecto Base.runs/synth_1/runme.log
reset_run synth_1
launch_runs synth_1 -jobs 4
[Fri Apr 13 12:23:55 2018] Launched synth_1...
Run output will be captured here: C:/Users/Manuel Aguirre/Desktop/intento de mult/Proyecto Base/Proyecto Base.runs/synth_1/runme.log
launch_runs impl_1 -jobs 4
[Fri Apr 13 12:24:50 2018] Launched impl_1...
Run output will be captured here: C:/Users/Manuel Aguirre/Desktop/intento de mult/Proyecto Base/Proyecto Base.runs/impl_1/runme.log
reset_run impl_1
reset_run synth_1
launch_runs impl_1 -to_step write_bitstream -jobs 4
[Fri Apr 13 12:33:19 2018] Launched synth_1...
Run output will be captured here: C:/Users/Manuel Aguirre/Desktop/intento de mult/Proyecto Base/Proyecto Base.runs/synth_1/runme.log
[Fri Apr 13 12:33:19 2018] Launched impl_1...
Run output will be captured here: C:/Users/Manuel Aguirre/Desktop/intento de mult/Proyecto Base/Proyecto Base.runs/impl_1/runme.log
exit
INFO: [Common 17-206] Exiting Vivado at Fri Apr 13 12:45:18 2018...
