#-----------------------------------------------------------
# Vivado v2017.4 (64-bit)
# SW Build 2086221 on Fri Dec 15 20:55:39 MST 2017
# IP Build 2085800 on Fri Dec 15 22:25:07 MST 2017
# Start of session at: Mon Apr  9 18:24:02 2018
# Process ID: 53596
# Current directory: C:/Users/Manuel Aguirre/Desktop/syllabus/Enunciado Proyecto/Información Básica/Proyecto Base
# Command line: vivado.exe -gui_launcher_event rodinguilauncherevent27440 C:\Users\Manuel Aguirre\Desktop\syllabus\Enunciado Proyecto\Información Básica\Proyecto Base\Proyecto Base.xpr
# Log file: C:/Users/Manuel Aguirre/Desktop/syllabus/Enunciado Proyecto/Información Básica/Proyecto Base/vivado.log
# Journal file: C:/Users/Manuel Aguirre/Desktop/syllabus/Enunciado Proyecto/Información Básica/Proyecto Base\vivado.jou
#-----------------------------------------------------------
start_gui
open_project {C:/Users/Manuel Aguirre/Desktop/syllabus/Enunciado Proyecto/Información Básica/Proyecto Base/Proyecto Base.xpr}
INFO: [ProjectBase 1-489] The host OS only allows 260 characters in a normal path. The project is stored in a path with more than 80 characters. If you experience issues with IP, Block Designs, or files not being found, please consider moving the project to a location with a shorter path. Alternately consider using the OS subst command to map part of the path to a drive letter.
Current project path is 'C:/Users/Manuel Aguirre/Desktop/syllabus/Enunciado Proyecto/Información Básica/Proyecto Base'
CRITICAL WARNING: [Project 1-19] Could not find the file 'C:/Users/Manuel Aguirre/Desktop/syllabus/Enunciado Proyecto/Información Básica/Proyecto Base/Proyecto Base.srcs/sim_1/new/sim1.vhd'.
Scanning sources...
Finished scanning sources
WARNING: [filemgmt 56-3] IPUserFilesDir: Could not find the directory 'C:/Users/Manuel Aguirre/Desktop/syllabus/Enunciado Proyecto/Información Básica/Proyecto Base/Proyecto Base.ip_user_files'.
INFO: [IP_Flow 19-234] Refreshing IP repositories
INFO: [IP_Flow 19-1704] No user IP repositories specified
INFO: [IP_Flow 19-2313] Loaded Vivado IP repository 'C:/Xilinx/Vivado/2017.4/data/ip'.
open_project: Time (s): cpu = 00:00:12 ; elapsed = 00:00:06 . Memory (MB): peak = 767.957 ; gain = 91.434
update_compile_order -fileset sources_1
reset_run synth_1
launch_runs synth_1 -jobs 4
[Mon Apr  9 18:38:15 2018] Launched synth_1...
Run output will be captured here: C:/Users/Manuel Aguirre/Desktop/syllabus/Enunciado Proyecto/Información Básica/Proyecto Base/Proyecto Base.runs/synth_1/runme.log
exit
INFO: [Common 17-206] Exiting Vivado at Mon Apr  9 18:40:01 2018...
