#-----------------------------------------------------------
# Vivado v2017.4 (64-bit)
# SW Build 2086221 on Fri Dec 15 20:55:39 MST 2017
# IP Build 2085800 on Fri Dec 15 22:25:07 MST 2017
# Start of session at: Mon Apr  9 18:40:17 2018
# Process ID: 35916
# Current directory: C:/Users/Manuel Aguirre/Desktop/Proyecto Base
# Command line: vivado.exe -gui_launcher_event rodinguilauncherevent58024 C:\Users\Manuel Aguirre\Desktop\Proyecto Base\Proyecto Base.xpr
# Log file: C:/Users/Manuel Aguirre/Desktop/Proyecto Base/vivado.log
# Journal file: C:/Users/Manuel Aguirre/Desktop/Proyecto Base\vivado.jou
#-----------------------------------------------------------
start_gui
open_project {C:/Users/Manuel Aguirre/Desktop/Proyecto Base/Proyecto Base.xpr}
INFO: [Project 1-313] Project file moved from 'C:/Users/Manuel Aguirre/Desktop/syllabus/Enunciado Proyecto/Información Básica/Proyecto Base' since last save.
CRITICAL WARNING: [Project 1-311] Could not find the file 'C:/Users/Manuel Aguirre/Desktop/Proyecto Base/Proyecto Base.srcs/sim_1/new/sim1.vhd', nor could it be found using path 'C:/Users/Manuel Aguirre/Desktop/syllabus/Enunciado Proyecto/Información Básica/Proyecto Base/Proyecto Base.srcs/sim_1/new/sim1.vhd'.
Scanning sources...
Finished scanning sources
WARNING: [filemgmt 56-2] IPUserFilesDir: Could not find the directory 'C:/Users/Manuel Aguirre/Desktop/Proyecto Base/Proyecto Base.ip_user_files', nor could it be found using path 'C:/Users/Manuel Aguirre/Desktop/syllabus/Enunciado Proyecto/Información Básica/Proyecto Base/Proyecto Base.ip_user_files'.
INFO: [IP_Flow 19-234] Refreshing IP repositories
INFO: [IP_Flow 19-1704] No user IP repositories specified
INFO: [IP_Flow 19-2313] Loaded Vivado IP repository 'C:/Xilinx/Vivado/2017.4/data/ip'.
update_compile_order -fileset sources_1
reset_run synth_1
launch_runs synth_1 -jobs 4
[Mon Apr  9 18:40:56 2018] Launched synth_1...
Run output will be captured here: C:/Users/Manuel Aguirre/Desktop/Proyecto Base/Proyecto Base.runs/synth_1/runme.log
launch_runs impl_1 -jobs 4
[Mon Apr  9 18:42:02 2018] Launched impl_1...
Run output will be captured here: C:/Users/Manuel Aguirre/Desktop/Proyecto Base/Proyecto Base.runs/impl_1/runme.log
launch_runs impl_1 -to_step write_bitstream -jobs 4
[Mon Apr  9 18:44:00 2018] Launched impl_1...
Run output will be captured here: C:/Users/Manuel Aguirre/Desktop/Proyecto Base/Proyecto Base.runs/impl_1/runme.log
open_hw
connect_hw_server
INFO: [Labtools 27-2285] Connecting to hw_server url TCP:localhost:3121
INFO: [Labtools 27-2222] Launching hw_server...
INFO: [Labtools 27-2221] Launch Output:

****** Xilinx hw_server v2017.4
  **** Build date : Dec 15 2017-21:08:27
    ** Copyright 1986-2017 Xilinx, Inc. All Rights Reserved.


connect_hw_server: Time (s): cpu = 00:00:00 ; elapsed = 00:00:07 . Memory (MB): peak = 803.555 ; gain = 0.000
open_hw_target
INFO: [Labtoolstcl 44-466] Opening hw_target localhost:3121/xilinx_tcf/Digilent/210183698638A
current_hw_device [get_hw_devices xc7a35t_0]
refresh_hw_device -update_hw_probes false [lindex [get_hw_devices xc7a35t_0] 0]
INFO: [Labtools 27-1434] Device xc7a35t (JTAG device index = 0) is programmed with a design that has no supported debug core(s) in it.
WARNING: [Labtools 27-3361] The debug hub core was not detected.
Resolution: 
1. Make sure the clock connected to the debug hub (dbg_hub) core is a free running clock and is active.
2. Make sure the BSCAN_SWITCH_USER_MASK device property in Vivado Hardware Manager reflects the user scan chain setting in the design and refresh the device.  To determine the user scan chain setting in the design, open the implemented design and use 'get_property C_USER_SCAN_CHAIN [get_debug_cores dbg_hub]'.
For more details on setting the scan chain property, consult the Vivado Debug and Programming User Guide (UG908).
set_property PROBES.FILE {} [get_hw_devices xc7a35t_0]
set_property FULL_PROBES.FILE {} [get_hw_devices xc7a35t_0]
set_property PROGRAM.FILE {C:/Users/Manuel Aguirre/Desktop/Proyecto Base/Proyecto Base.runs/impl_1/Basys3.bit} [get_hw_devices xc7a35t_0]
program_hw_devices [get_hw_devices xc7a35t_0]
INFO: [Labtools 27-3164] End of startup status: HIGH
refresh_hw_device [lindex [get_hw_devices xc7a35t_0] 0]
INFO: [Labtools 27-1434] Device xc7a35t (JTAG device index = 0) is programmed with a design that has no supported debug core(s) in it.
WARNING: [Labtools 27-3361] The debug hub core was not detected.
Resolution: 
1. Make sure the clock connected to the debug hub (dbg_hub) core is a free running clock and is active.
2. Make sure the BSCAN_SWITCH_USER_MASK device property in Vivado Hardware Manager reflects the user scan chain setting in the design and refresh the device.  To determine the user scan chain setting in the design, open the implemented design and use 'get_property C_USER_SCAN_CHAIN [get_debug_cores dbg_hub]'.
For more details on setting the scan chain property, consult the Vivado Debug and Programming User Guide (UG908).
open_run impl_1
INFO: [Netlist 29-17] Analyzing 14 Unisim elements for replacement
INFO: [Netlist 29-28] Unisim Transformation completed in 0 CPU seconds
INFO: [Project 1-479] Netlist was created with Vivado 2017.4
INFO: [Device 21-403] Loading part xc7a35tcpg236-1
INFO: [Project 1-570] Preparing netlist for logic optimization
Parsing XDC File [C:/Users/Manuel Aguirre/Desktop/Proyecto Base/.Xil/Vivado-54940-DESKTOP-5KS1BF2/dcp2/Basys3.xdc]
Finished Parsing XDC File [C:/Users/Manuel Aguirre/Desktop/Proyecto Base/.Xil/Vivado-54940-DESKTOP-5KS1BF2/dcp2/Basys3.xdc]
Reading XDEF placement.
Reading placer database...
Reading XDEF routing.
Read XDEF File: Time (s): cpu = 00:00:00 ; elapsed = 00:00:00.041 . Memory (MB): peak = 1710.742 ; gain = 0.066
Restored from archive | CPU: 0.000000 secs | Memory: 0.000000 MB |
Finished XDEF File Restore: Time (s): cpu = 00:00:00 ; elapsed = 00:00:00.041 . Memory (MB): peak = 1710.742 ; gain = 0.066
INFO: [Project 1-111] Unisim Transformation Summary:
No Unisim elements were transformed.

open_run: Time (s): cpu = 00:00:20 ; elapsed = 00:00:15 . Memory (MB): peak = 1797.121 ; gain = 399.227
reset_run synth_1
launch_runs synth_1 -jobs 4
[Mon Apr  9 19:07:40 2018] Launched synth_1...
Run output will be captured here: C:/Users/Manuel Aguirre/Desktop/Proyecto Base/Proyecto Base.runs/synth_1/runme.log
reset_run synth_1
launch_runs synth_1 -jobs 4
[Mon Apr  9 19:31:08 2018] Launched synth_1...
Run output will be captured here: C:/Users/Manuel Aguirre/Desktop/Proyecto Base/Proyecto Base.runs/synth_1/runme.log
launch_runs impl_1 -jobs 4
[Mon Apr  9 19:32:13 2018] Launched impl_1...
Run output will be captured here: C:/Users/Manuel Aguirre/Desktop/Proyecto Base/Proyecto Base.runs/impl_1/runme.log
launch_runs impl_1 -to_step write_bitstream -jobs 4
[Mon Apr  9 19:33:34 2018] Launched impl_1...
Run output will be captured here: C:/Users/Manuel Aguirre/Desktop/Proyecto Base/Proyecto Base.runs/impl_1/runme.log
set_property PROBES.FILE {} [get_hw_devices xc7a35t_0]
set_property FULL_PROBES.FILE {} [get_hw_devices xc7a35t_0]
set_property PROGRAM.FILE {C:/Users/Manuel Aguirre/Desktop/Proyecto Base/Proyecto Base.runs/impl_1/Basys3.bit} [get_hw_devices xc7a35t_0]
program_hw_devices [get_hw_devices xc7a35t_0]
INFO: [Labtools 27-3164] End of startup status: HIGH
refresh_hw_device [lindex [get_hw_devices xc7a35t_0] 0]
INFO: [Labtools 27-1434] Device xc7a35t (JTAG device index = 0) is programmed with a design that has no supported debug core(s) in it.
WARNING: [Labtools 27-3361] The debug hub core was not detected.
Resolution: 
1. Make sure the clock connected to the debug hub (dbg_hub) core is a free running clock and is active.
2. Make sure the BSCAN_SWITCH_USER_MASK device property in Vivado Hardware Manager reflects the user scan chain setting in the design and refresh the device.  To determine the user scan chain setting in the design, open the implemented design and use 'get_property C_USER_SCAN_CHAIN [get_debug_cores dbg_hub]'.
For more details on setting the scan chain property, consult the Vivado Debug and Programming User Guide (UG908).
reset_run impl_1 -prev_step 
launch_runs impl_1 -to_step write_bitstream -jobs 4
[Mon Apr  9 19:35:42 2018] Launched impl_1...
Run output will be captured here: C:/Users/Manuel Aguirre/Desktop/Proyecto Base/Proyecto Base.runs/impl_1/runme.log
set_property PROBES.FILE {} [get_hw_devices xc7a35t_0]
set_property FULL_PROBES.FILE {} [get_hw_devices xc7a35t_0]
set_property PROGRAM.FILE {C:/Users/Manuel Aguirre/Desktop/Proyecto Base/Proyecto Base.runs/impl_1/Basys3.bit} [get_hw_devices xc7a35t_0]
program_hw_devices [get_hw_devices xc7a35t_0]
INFO: [Labtools 27-3164] End of startup status: HIGH
refresh_hw_device [lindex [get_hw_devices xc7a35t_0] 0]
INFO: [Labtools 27-1434] Device xc7a35t (JTAG device index = 0) is programmed with a design that has no supported debug core(s) in it.
WARNING: [Labtools 27-3361] The debug hub core was not detected.
Resolution: 
1. Make sure the clock connected to the debug hub (dbg_hub) core is a free running clock and is active.
2. Make sure the BSCAN_SWITCH_USER_MASK device property in Vivado Hardware Manager reflects the user scan chain setting in the design and refresh the device.  To determine the user scan chain setting in the design, open the implemented design and use 'get_property C_USER_SCAN_CHAIN [get_debug_cores dbg_hub]'.
For more details on setting the scan chain property, consult the Vivado Debug and Programming User Guide (UG908).
reset_run synth_1
launch_runs synth_1 -jobs 4
[Mon Apr  9 19:37:38 2018] Launched synth_1...
Run output will be captured here: C:/Users/Manuel Aguirre/Desktop/Proyecto Base/Proyecto Base.runs/synth_1/runme.log
launch_runs impl_1 -jobs 4
[Mon Apr  9 19:38:37 2018] Launched impl_1...
Run output will be captured here: C:/Users/Manuel Aguirre/Desktop/Proyecto Base/Proyecto Base.runs/impl_1/runme.log
refresh_design
INFO: [Netlist 29-17] Analyzing 6 Unisim elements for replacement
INFO: [Netlist 29-28] Unisim Transformation completed in 0 CPU seconds
INFO: [Project 1-479] Netlist was created with Vivado 2017.4
INFO: [Project 1-570] Preparing netlist for logic optimization
INFO: [Common 17-41] Interrupt caught. Command should exit soon.
Parsing XDC File [C:/Users/Manuel Aguirre/Desktop/Proyecto Base/.Xil/Vivado-54940-DESKTOP-5KS1BF2/dcp7/Basys3.xdc]
Finished Parsing XDC File [C:/Users/Manuel Aguirre/Desktop/Proyecto Base/.Xil/Vivado-54940-DESKTOP-5KS1BF2/dcp7/Basys3.xdc]
Reading XDEF placement.
Reading placer database...
Reading XDEF routing.
Restored from archive | CPU: 0.000000 secs | Memory: 0.000000 MB |
Finished XDEF File Restore: Time (s): cpu = 00:00:00 ; elapsed = 00:00:00.009 . Memory (MB): peak = 2274.855 ; gain = 0.000
INFO: [Common 17-344] 'refresh_design' was cancelled
launch_runs impl_1 -to_step write_bitstream -jobs 4
[Mon Apr  9 19:40:07 2018] Launched impl_1...
Run output will be captured here: C:/Users/Manuel Aguirre/Desktop/Proyecto Base/Proyecto Base.runs/impl_1/runme.log
open_run impl_1
INFO: [Netlist 29-17] Analyzing 6 Unisim elements for replacement
INFO: [Netlist 29-28] Unisim Transformation completed in 0 CPU seconds
INFO: [Project 1-479] Netlist was created with Vivado 2017.4
INFO: [Project 1-570] Preparing netlist for logic optimization
Parsing XDC File [C:/Users/Manuel Aguirre/Desktop/Proyecto Base/.Xil/Vivado-54940-DESKTOP-5KS1BF2/dcp8/Basys3.xdc]
Finished Parsing XDC File [C:/Users/Manuel Aguirre/Desktop/Proyecto Base/.Xil/Vivado-54940-DESKTOP-5KS1BF2/dcp8/Basys3.xdc]
Reading XDEF placement.
Reading placer database...
Reading XDEF routing.
Read XDEF File: Time (s): cpu = 00:00:00 ; elapsed = 00:00:00.109 . Memory (MB): peak = 2274.855 ; gain = 0.000
Restored from archive | CPU: 0.000000 secs | Memory: 0.000000 MB |
Finished XDEF File Restore: Time (s): cpu = 00:00:00 ; elapsed = 00:00:00.109 . Memory (MB): peak = 2274.855 ; gain = 0.000
INFO: [Project 1-111] Unisim Transformation Summary:
No Unisim elements were transformed.

set_property PROBES.FILE {} [get_hw_devices xc7a35t_0]
set_property FULL_PROBES.FILE {} [get_hw_devices xc7a35t_0]
set_property PROGRAM.FILE {C:/Users/Manuel Aguirre/Desktop/Proyecto Base/Proyecto Base.runs/impl_1/Basys3.bit} [get_hw_devices xc7a35t_0]
program_hw_devices [get_hw_devices xc7a35t_0]
INFO: [Labtools 27-3164] End of startup status: HIGH
refresh_hw_device [lindex [get_hw_devices xc7a35t_0] 0]
INFO: [Labtools 27-1434] Device xc7a35t (JTAG device index = 0) is programmed with a design that has no supported debug core(s) in it.
WARNING: [Labtools 27-3361] The debug hub core was not detected.
Resolution: 
1. Make sure the clock connected to the debug hub (dbg_hub) core is a free running clock and is active.
2. Make sure the BSCAN_SWITCH_USER_MASK device property in Vivado Hardware Manager reflects the user scan chain setting in the design and refresh the device.  To determine the user scan chain setting in the design, open the implemented design and use 'get_property C_USER_SCAN_CHAIN [get_debug_cores dbg_hub]'.
For more details on setting the scan chain property, consult the Vivado Debug and Programming User Guide (UG908).
reset_run synth_1
launch_runs synth_1 -jobs 4
[Mon Apr  9 19:44:55 2018] Launched synth_1...
Run output will be captured here: C:/Users/Manuel Aguirre/Desktop/Proyecto Base/Proyecto Base.runs/synth_1/runme.log
launch_runs impl_1 -jobs 4
[Mon Apr  9 19:46:16 2018] Launched impl_1...
Run output will be captured here: C:/Users/Manuel Aguirre/Desktop/Proyecto Base/Proyecto Base.runs/impl_1/runme.log
launch_runs impl_1 -to_step write_bitstream -jobs 4
[Mon Apr  9 19:48:26 2018] Launched impl_1...
Run output will be captured here: C:/Users/Manuel Aguirre/Desktop/Proyecto Base/Proyecto Base.runs/impl_1/runme.log
set_property PROBES.FILE {} [get_hw_devices xc7a35t_0]
set_property FULL_PROBES.FILE {} [get_hw_devices xc7a35t_0]
set_property PROGRAM.FILE {C:/Users/Manuel Aguirre/Desktop/Proyecto Base/Proyecto Base.runs/impl_1/Basys3.bit} [get_hw_devices xc7a35t_0]
program_hw_devices [get_hw_devices xc7a35t_0]
INFO: [Labtools 27-3164] End of startup status: HIGH
refresh_hw_device [lindex [get_hw_devices xc7a35t_0] 0]
INFO: [Labtools 27-1434] Device xc7a35t (JTAG device index = 0) is programmed with a design that has no supported debug core(s) in it.
WARNING: [Labtools 27-3361] The debug hub core was not detected.
Resolution: 
1. Make sure the clock connected to the debug hub (dbg_hub) core is a free running clock and is active.
2. Make sure the BSCAN_SWITCH_USER_MASK device property in Vivado Hardware Manager reflects the user scan chain setting in the design and refresh the device.  To determine the user scan chain setting in the design, open the implemented design and use 'get_property C_USER_SCAN_CHAIN [get_debug_cores dbg_hub]'.
For more details on setting the scan chain property, consult the Vivado Debug and Programming User Guide (UG908).
reset_run synth_1
launch_runs synth_1 -jobs 4
[Mon Apr  9 19:55:27 2018] Launched synth_1...
Run output will be captured here: C:/Users/Manuel Aguirre/Desktop/Proyecto Base/Proyecto Base.runs/synth_1/runme.log
launch_runs impl_1 -jobs 4
[Mon Apr  9 19:56:26 2018] Launched impl_1...
Run output will be captured here: C:/Users/Manuel Aguirre/Desktop/Proyecto Base/Proyecto Base.runs/impl_1/runme.log
launch_runs impl_1 -to_step write_bitstream -jobs 4
[Mon Apr  9 19:57:47 2018] Launched impl_1...
Run output will be captured here: C:/Users/Manuel Aguirre/Desktop/Proyecto Base/Proyecto Base.runs/impl_1/runme.log
set_property PROBES.FILE {} [get_hw_devices xc7a35t_0]
set_property FULL_PROBES.FILE {} [get_hw_devices xc7a35t_0]
set_property PROGRAM.FILE {C:/Users/Manuel Aguirre/Desktop/Proyecto Base/Proyecto Base.runs/impl_1/Basys3.bit} [get_hw_devices xc7a35t_0]
program_hw_devices [get_hw_devices xc7a35t_0]
INFO: [Labtools 27-3164] End of startup status: HIGH
refresh_hw_device [lindex [get_hw_devices xc7a35t_0] 0]
INFO: [Labtools 27-1434] Device xc7a35t (JTAG device index = 0) is programmed with a design that has no supported debug core(s) in it.
WARNING: [Labtools 27-3361] The debug hub core was not detected.
Resolution: 
1. Make sure the clock connected to the debug hub (dbg_hub) core is a free running clock and is active.
2. Make sure the BSCAN_SWITCH_USER_MASK device property in Vivado Hardware Manager reflects the user scan chain setting in the design and refresh the device.  To determine the user scan chain setting in the design, open the implemented design and use 'get_property C_USER_SCAN_CHAIN [get_debug_cores dbg_hub]'.
For more details on setting the scan chain property, consult the Vivado Debug and Programming User Guide (UG908).
reset_run synth_1
launch_runs synth_1 -jobs 4
[Mon Apr  9 20:03:17 2018] Launched synth_1...
Run output will be captured here: C:/Users/Manuel Aguirre/Desktop/Proyecto Base/Proyecto Base.runs/synth_1/runme.log
launch_runs impl_1 -jobs 4
[Mon Apr  9 20:04:20 2018] Launched impl_1...
Run output will be captured here: C:/Users/Manuel Aguirre/Desktop/Proyecto Base/Proyecto Base.runs/impl_1/runme.log
launch_runs impl_1 -to_step write_bitstream -jobs 4
[Mon Apr  9 20:05:41 2018] Launched impl_1...
Run output will be captured here: C:/Users/Manuel Aguirre/Desktop/Proyecto Base/Proyecto Base.runs/impl_1/runme.log
set_property PROBES.FILE {} [get_hw_devices xc7a35t_0]
set_property FULL_PROBES.FILE {} [get_hw_devices xc7a35t_0]
set_property PROGRAM.FILE {C:/Users/Manuel Aguirre/Desktop/Proyecto Base/Proyecto Base.runs/impl_1/Basys3.bit} [get_hw_devices xc7a35t_0]
program_hw_devices [get_hw_devices xc7a35t_0]
INFO: [Labtools 27-3164] End of startup status: HIGH
refresh_hw_device [lindex [get_hw_devices xc7a35t_0] 0]
INFO: [Labtools 27-1434] Device xc7a35t (JTAG device index = 0) is programmed with a design that has no supported debug core(s) in it.
WARNING: [Labtools 27-3361] The debug hub core was not detected.
Resolution: 
1. Make sure the clock connected to the debug hub (dbg_hub) core is a free running clock and is active.
2. Make sure the BSCAN_SWITCH_USER_MASK device property in Vivado Hardware Manager reflects the user scan chain setting in the design and refresh the device.  To determine the user scan chain setting in the design, open the implemented design and use 'get_property C_USER_SCAN_CHAIN [get_debug_cores dbg_hub]'.
For more details on setting the scan chain property, consult the Vivado Debug and Programming User Guide (UG908).
reset_run synth_1
launch_runs synth_1 -jobs 4
[Mon Apr  9 20:10:23 2018] Launched synth_1...
Run output will be captured here: C:/Users/Manuel Aguirre/Desktop/Proyecto Base/Proyecto Base.runs/synth_1/runme.log
reset_run synth_1
launch_runs synth_1 -jobs 4
[Mon Apr  9 20:11:20 2018] Launched synth_1...
Run output will be captured here: C:/Users/Manuel Aguirre/Desktop/Proyecto Base/Proyecto Base.runs/synth_1/runme.log
launch_runs impl_1 -jobs 4
[Mon Apr  9 20:12:19 2018] Launched impl_1...
Run output will be captured here: C:/Users/Manuel Aguirre/Desktop/Proyecto Base/Proyecto Base.runs/impl_1/runme.log
launch_runs impl_1 -to_step write_bitstream -jobs 4
[Mon Apr  9 20:13:44 2018] Launched impl_1...
Run output will be captured here: C:/Users/Manuel Aguirre/Desktop/Proyecto Base/Proyecto Base.runs/impl_1/runme.log
reset_run synth_1
launch_runs synth_1 -jobs 4
[Mon Apr  9 20:15:58 2018] Launched synth_1...
Run output will be captured here: C:/Users/Manuel Aguirre/Desktop/Proyecto Base/Proyecto Base.runs/synth_1/runme.log
launch_runs impl_1 -jobs 4
[Mon Apr  9 20:17:04 2018] Launched impl_1...
Run output will be captured here: C:/Users/Manuel Aguirre/Desktop/Proyecto Base/Proyecto Base.runs/impl_1/runme.log
launch_runs impl_1 -to_step write_bitstream -jobs 4
[Mon Apr  9 20:18:25 2018] Launched impl_1...
Run output will be captured here: C:/Users/Manuel Aguirre/Desktop/Proyecto Base/Proyecto Base.runs/impl_1/runme.log
set_property PROBES.FILE {} [get_hw_devices xc7a35t_0]
set_property FULL_PROBES.FILE {} [get_hw_devices xc7a35t_0]
set_property PROGRAM.FILE {C:/Users/Manuel Aguirre/Desktop/Proyecto Base/Proyecto Base.runs/impl_1/Basys3.bit} [get_hw_devices xc7a35t_0]
program_hw_devices [get_hw_devices xc7a35t_0]
INFO: [Labtools 27-3164] End of startup status: HIGH
refresh_hw_device [lindex [get_hw_devices xc7a35t_0] 0]
INFO: [Labtools 27-1434] Device xc7a35t (JTAG device index = 0) is programmed with a design that has no supported debug core(s) in it.
WARNING: [Labtools 27-3361] The debug hub core was not detected.
Resolution: 
1. Make sure the clock connected to the debug hub (dbg_hub) core is a free running clock and is active.
2. Make sure the BSCAN_SWITCH_USER_MASK device property in Vivado Hardware Manager reflects the user scan chain setting in the design and refresh the device.  To determine the user scan chain setting in the design, open the implemented design and use 'get_property C_USER_SCAN_CHAIN [get_debug_cores dbg_hub]'.
For more details on setting the scan chain property, consult the Vivado Debug and Programming User Guide (UG908).
reset_run impl_1 -prev_step 
launch_runs impl_1 -to_step write_bitstream -jobs 4
[Mon Apr  9 20:21:44 2018] Launched impl_1...
Run output will be captured here: C:/Users/Manuel Aguirre/Desktop/Proyecto Base/Proyecto Base.runs/impl_1/runme.log
set_property PROBES.FILE {} [get_hw_devices xc7a35t_0]
set_property FULL_PROBES.FILE {} [get_hw_devices xc7a35t_0]
set_property PROGRAM.FILE {C:/Users/Manuel Aguirre/Desktop/Proyecto Base/Proyecto Base.runs/impl_1/Basys3.bit} [get_hw_devices xc7a35t_0]
program_hw_devices [get_hw_devices xc7a35t_0]
INFO: [Labtools 27-3164] End of startup status: HIGH
refresh_hw_device [lindex [get_hw_devices xc7a35t_0] 0]
INFO: [Labtools 27-1434] Device xc7a35t (JTAG device index = 0) is programmed with a design that has no supported debug core(s) in it.
WARNING: [Labtools 27-3361] The debug hub core was not detected.
Resolution: 
1. Make sure the clock connected to the debug hub (dbg_hub) core is a free running clock and is active.
2. Make sure the BSCAN_SWITCH_USER_MASK device property in Vivado Hardware Manager reflects the user scan chain setting in the design and refresh the device.  To determine the user scan chain setting in the design, open the implemented design and use 'get_property C_USER_SCAN_CHAIN [get_debug_cores dbg_hub]'.
For more details on setting the scan chain property, consult the Vivado Debug and Programming User Guide (UG908).
reset_run synth_1
launch_runs synth_1 -jobs 4
[Mon Apr  9 20:23:04 2018] Launched synth_1...
Run output will be captured here: C:/Users/Manuel Aguirre/Desktop/Proyecto Base/Proyecto Base.runs/synth_1/runme.log
launch_runs impl_1 -jobs 4
[Mon Apr  9 20:24:02 2018] Launched impl_1...
Run output will be captured here: C:/Users/Manuel Aguirre/Desktop/Proyecto Base/Proyecto Base.runs/impl_1/runme.log
launch_runs impl_1 -to_step write_bitstream -jobs 4
[Mon Apr  9 20:25:18 2018] Launched impl_1...
Run output will be captured here: C:/Users/Manuel Aguirre/Desktop/Proyecto Base/Proyecto Base.runs/impl_1/runme.log
set_property PROBES.FILE {} [get_hw_devices xc7a35t_0]
set_property FULL_PROBES.FILE {} [get_hw_devices xc7a35t_0]
set_property PROGRAM.FILE {C:/Users/Manuel Aguirre/Desktop/Proyecto Base/Proyecto Base.runs/impl_1/Basys3.bit} [get_hw_devices xc7a35t_0]
program_hw_devices [get_hw_devices xc7a35t_0]
INFO: [Labtools 27-3164] End of startup status: HIGH
refresh_hw_device [lindex [get_hw_devices xc7a35t_0] 0]
INFO: [Labtools 27-1434] Device xc7a35t (JTAG device index = 0) is programmed with a design that has no supported debug core(s) in it.
WARNING: [Labtools 27-3361] The debug hub core was not detected.
Resolution: 
1. Make sure the clock connected to the debug hub (dbg_hub) core is a free running clock and is active.
2. Make sure the BSCAN_SWITCH_USER_MASK device property in Vivado Hardware Manager reflects the user scan chain setting in the design and refresh the device.  To determine the user scan chain setting in the design, open the implemented design and use 'get_property C_USER_SCAN_CHAIN [get_debug_cores dbg_hub]'.
For more details on setting the scan chain property, consult the Vivado Debug and Programming User Guide (UG908).
ERROR: [Labtoolstcl 44-513] HW Target shutdown. Closing target: localhost:3121/xilinx_tcf/Digilent/210183698638A
INFO: [Labtoolstcl 44-466] Opening hw_target localhost:3121/xilinx_tcf/Digilent/210183698638A
INFO: [Labtools 27-1434] Device xc7a35t (JTAG device index = 0) is programmed with a design that has no supported debug core(s) in it.
WARNING: [Labtools 27-3361] The debug hub core was not detected.
Resolution: 
1. Make sure the clock connected to the debug hub (dbg_hub) core is a free running clock and is active.
2. Make sure the BSCAN_SWITCH_USER_MASK device property in Vivado Hardware Manager reflects the user scan chain setting in the design and refresh the device.  To determine the user scan chain setting in the design, open the implemented design and use 'get_property C_USER_SCAN_CHAIN [get_debug_cores dbg_hub]'.
For more details on setting the scan chain property, consult the Vivado Debug and Programming User Guide (UG908).
WARNING: [Labtoolstcl 44-129] No matching hw_ila_data was found.
reset_run synth_1
launch_runs synth_1 -jobs 4
[Mon Apr  9 20:48:00 2018] Launched synth_1...
Run output will be captured here: C:/Users/Manuel Aguirre/Desktop/Proyecto Base/Proyecto Base.runs/synth_1/runme.log
launch_runs impl_1 -jobs 4
[Mon Apr  9 20:49:05 2018] Launched impl_1...
Run output will be captured here: C:/Users/Manuel Aguirre/Desktop/Proyecto Base/Proyecto Base.runs/impl_1/runme.log
launch_runs impl_1 -to_step write_bitstream -jobs 4
[Mon Apr  9 20:50:29 2018] Launched impl_1...
Run output will be captured here: C:/Users/Manuel Aguirre/Desktop/Proyecto Base/Proyecto Base.runs/impl_1/runme.log
set_property PROBES.FILE {} [get_hw_devices xc7a35t_0]
set_property FULL_PROBES.FILE {} [get_hw_devices xc7a35t_0]
set_property PROGRAM.FILE {C:/Users/Manuel Aguirre/Desktop/Proyecto Base/Proyecto Base.runs/impl_1/Basys3.bit} [get_hw_devices xc7a35t_0]
program_hw_devices [get_hw_devices xc7a35t_0]
INFO: [Labtools 27-3164] End of startup status: HIGH
refresh_hw_device [lindex [get_hw_devices xc7a35t_0] 0]
INFO: [Labtools 27-1434] Device xc7a35t (JTAG device index = 0) is programmed with a design that has no supported debug core(s) in it.
WARNING: [Labtools 27-3361] The debug hub core was not detected.
Resolution: 
1. Make sure the clock connected to the debug hub (dbg_hub) core is a free running clock and is active.
2. Make sure the BSCAN_SWITCH_USER_MASK device property in Vivado Hardware Manager reflects the user scan chain setting in the design and refresh the device.  To determine the user scan chain setting in the design, open the implemented design and use 'get_property C_USER_SCAN_CHAIN [get_debug_cores dbg_hub]'.
For more details on setting the scan chain property, consult the Vivado Debug and Programming User Guide (UG908).
launch_simulation
INFO: [Vivado 12-5682] Launching behavioral simulation in 'C:/Users/Manuel Aguirre/Desktop/Proyecto Base/Proyecto Base.sim/sim_1/behav/xsim'
INFO: [SIM-utils-51] Simulation object is 'sim_1'
INFO: [SIM-utils-54] Inspecting design source files for 'Basys3' in fileset 'sim_1'...
INFO: [USF-XSim-97] Finding global include files...
INFO: [USF-XSim-98] Fetching design files from 'sim_1'...
INFO: [USF-XSim-2] XSim::Compile design
INFO: [USF-XSim-61] Executing 'COMPILE and ANALYZE' step in 'C:/Users/Manuel Aguirre/Desktop/Proyecto Base/Proyecto Base.sim/sim_1/behav/xsim'
"xvhdl --incr --relax -prj Basys3_vhdl.prj"
INFO: [VRFC 10-163] Analyzing VHDL file "C:/Users/Manuel Aguirre/Desktop/Proyecto Base/Proyecto Base.srcs/sources_1/new/Clock_Divider.vhd" into library xil_defaultlib
INFO: [VRFC 10-307] analyzing entity Clock_Divider
INFO: [VRFC 10-163] Analyzing VHDL file "C:/Users/Manuel Aguirre/Desktop/Proyecto Base/Proyecto Base.srcs/sources_1/new/Debouncer.vhd" into library xil_defaultlib
INFO: [VRFC 10-307] analyzing entity Debouncer
INFO: [VRFC 10-163] Analyzing VHDL file "C:/Users/Manuel Aguirre/Desktop/Proyecto Base/Proyecto Base.srcs/sources_1/new/Display_Controller.vhd" into library xil_defaultlib
INFO: [VRFC 10-307] analyzing entity Display_Controller
INFO: [VRFC 10-163] Analyzing VHDL file "C:/Users/Manuel Aguirre/Desktop/Proyecto Base/Proyecto Base.srcs/sources_1/new/Reg.vhd" into library xil_defaultlib
INFO: [VRFC 10-307] analyzing entity Reg
INFO: [VRFC 10-163] Analyzing VHDL file "C:/Users/Manuel Aguirre/Desktop/Proyecto Base/Proyecto Base.srcs/sources_1/new/Basys3.vhd" into library xil_defaultlib
INFO: [VRFC 10-307] analyzing entity Basys3
run_program: Time (s): cpu = 00:00:00 ; elapsed = 00:00:08 . Memory (MB): peak = 2459.188 ; gain = 0.000
INFO: [USF-XSim-69] 'compile' step finished in '8' seconds
INFO: [USF-XSim-3] XSim::Elaborate design
INFO: [USF-XSim-61] Executing 'ELABORATE' step in 'C:/Users/Manuel Aguirre/Desktop/Proyecto Base/Proyecto Base.sim/sim_1/behav/xsim'
Vivado Simulator 2017.4
Copyright 1986-1999, 2001-2016 Xilinx, Inc. All Rights Reserved.
Running: C:/Xilinx/Vivado/2017.4/bin/unwrapped/win64.o/xelab.exe -wto a35b2fba0be742e6ac0032a12eca4df6 --incr --debug typical --relax --mt 2 -L xil_defaultlib -L secureip --snapshot Basys3_behav xil_defaultlib.Basys3 -log elaborate.log 
Using 2 slave threads.
Starting static elaboration
Completed static elaboration
Starting simulation data flow analysis
Completed simulation data flow analysis
Time Resolution for simulation is 1ps
Compiling package std.standard
Compiling package std.textio
Compiling package ieee.std_logic_1164
Compiling package ieee.std_logic_arith
Compiling package ieee.std_logic_unsigned
Compiling package ieee.numeric_std
Compiling package ieee.math_real
Compiling architecture behavioral of entity xil_defaultlib.Reg [reg_default]
Compiling architecture behavioral of entity xil_defaultlib.Clock_Divider [clock_divider_default]
Compiling architecture behavioral of entity xil_defaultlib.Display_Controller [display_controller_default]
Compiling architecture behavioral of entity xil_defaultlib.Debouncer [debouncer_default]
Compiling architecture behavioral of entity xil_defaultlib.basys3
Built simulation snapshot Basys3_behav

****** Webtalk v2017.4 (64-bit)
  **** SW Build 2086221 on Fri Dec 15 20:55:39 MST 2017
  **** IP Build 2085800 on Fri Dec 15 22:25:07 MST 2017
    ** Copyright 1986-2017 Xilinx, Inc. All Rights Reserved.

source C:/Users/Manuel -notrace
couldn't read file "C:/Users/Manuel": no such file or directory
INFO: [Common 17-206] Exiting Webtalk at Mon Apr  9 20:54:36 2018...
run_program: Time (s): cpu = 00:00:00 ; elapsed = 00:00:14 . Memory (MB): peak = 2459.188 ; gain = 0.000
INFO: [USF-XSim-69] 'elaborate' step finished in '14' seconds
INFO: [USF-XSim-4] XSim::Simulate design
INFO: [USF-XSim-61] Executing 'SIMULATE' step in 'C:/Users/Manuel Aguirre/Desktop/Proyecto Base/Proyecto Base.sim/sim_1/behav/xsim'
INFO: [USF-XSim-98] *** Running xsim
   with args "Basys3_behav -key {Behavioral:sim_1:Functional:Basys3} -tclbatch {Basys3.tcl} -log {simulate.log}"
INFO: [USF-XSim-8] Loading simulator feature
Vivado Simulator 2017.4
Time resolution is 1 ps
source Basys3.tcl
# set curr_wave [current_wave_config]
# if { [string length $curr_wave] == 0 } {
#   if { [llength [get_objects]] > 0} {
#     add_wave /
#     set_property needs_save false [current_wave_config]
#   } else {
#      send_msg_id Add_Wave-1 WARNING "No top level signals found. Simulator will start without a wave window. If you want to open a wave window go to 'File->New Waveform Configuration' or type 'create_wave_config' in the TCL console."
#   }
# }
# run 1000ns
INFO: [USF-XSim-96] XSim completed. Design snapshot 'Basys3_behav' loaded.
INFO: [USF-XSim-97] XSim simulation ran for 1000ns
launch_simulation: Time (s): cpu = 00:00:08 ; elapsed = 00:00:26 . Memory (MB): peak = 2472.324 ; gain = 13.137
reset_run synth_1
WARNING: [Vivado 12-1017] Problems encountered:
1. Failed to delete one or more files in run directory C:/Users/Manuel Aguirre/Desktop/Proyecto Base/Proyecto Base.runs/synth_1

launch_runs synth_1 -jobs 4
[Mon Apr  9 21:02:06 2018] Launched synth_1...
Run output will be captured here: C:/Users/Manuel Aguirre/Desktop/Proyecto Base/Proyecto Base.runs/synth_1/runme.log
reset_run synth_1
WARNING: [Vivado 12-1017] Problems encountered:
1. Failed to delete one or more files in run directory C:/Users/Manuel Aguirre/Desktop/Proyecto Base/Proyecto Base.runs/synth_1

launch_runs synth_1 -jobs 4
[Mon Apr  9 21:02:35 2018] Launched synth_1...
Run output will be captured here: C:/Users/Manuel Aguirre/Desktop/Proyecto Base/Proyecto Base.runs/synth_1/runme.log
launch_runs impl_1 -jobs 4
[Mon Apr  9 21:03:33 2018] Launched impl_1...
Run output will be captured here: C:/Users/Manuel Aguirre/Desktop/Proyecto Base/Proyecto Base.runs/impl_1/runme.log
launch_runs impl_1 -to_step write_bitstream -jobs 4
[Mon Apr  9 21:05:04 2018] Launched impl_1...
Run output will be captured here: C:/Users/Manuel Aguirre/Desktop/Proyecto Base/Proyecto Base.runs/impl_1/runme.log
set_property PROBES.FILE {} [get_hw_devices xc7a35t_0]
set_property FULL_PROBES.FILE {} [get_hw_devices xc7a35t_0]
set_property PROGRAM.FILE {C:/Users/Manuel Aguirre/Desktop/Proyecto Base/Proyecto Base.runs/impl_1/Basys3.bit} [get_hw_devices xc7a35t_0]
program_hw_devices [get_hw_devices xc7a35t_0]
INFO: [Labtools 27-3164] End of startup status: HIGH
refresh_hw_device [lindex [get_hw_devices xc7a35t_0] 0]
INFO: [Labtools 27-1434] Device xc7a35t (JTAG device index = 0) is programmed with a design that has no supported debug core(s) in it.
WARNING: [Labtools 27-3361] The debug hub core was not detected.
Resolution: 
1. Make sure the clock connected to the debug hub (dbg_hub) core is a free running clock and is active.
2. Make sure the BSCAN_SWITCH_USER_MASK device property in Vivado Hardware Manager reflects the user scan chain setting in the design and refresh the device.  To determine the user scan chain setting in the design, open the implemented design and use 'get_property C_USER_SCAN_CHAIN [get_debug_cores dbg_hub]'.
For more details on setting the scan chain property, consult the Vivado Debug and Programming User Guide (UG908).
set_property PROBES.FILE {} [get_hw_devices xc7a35t_0]
set_property FULL_PROBES.FILE {} [get_hw_devices xc7a35t_0]
set_property PROGRAM.FILE {C:/Users/Manuel Aguirre/Desktop/Proyecto Base/Proyecto Base.runs/impl_1/Basys3.bit} [get_hw_devices xc7a35t_0]
program_hw_devices [get_hw_devices xc7a35t_0]
INFO: [Labtools 27-3164] End of startup status: HIGH
refresh_hw_device [lindex [get_hw_devices xc7a35t_0] 0]
INFO: [Labtools 27-1434] Device xc7a35t (JTAG device index = 0) is programmed with a design that has no supported debug core(s) in it.
WARNING: [Labtools 27-3361] The debug hub core was not detected.
Resolution: 
1. Make sure the clock connected to the debug hub (dbg_hub) core is a free running clock and is active.
2. Make sure the BSCAN_SWITCH_USER_MASK device property in Vivado Hardware Manager reflects the user scan chain setting in the design and refresh the device.  To determine the user scan chain setting in the design, open the implemented design and use 'get_property C_USER_SCAN_CHAIN [get_debug_cores dbg_hub]'.
For more details on setting the scan chain property, consult the Vivado Debug and Programming User Guide (UG908).
reset_run synth_1
WARNING: [Vivado 12-1017] Problems encountered:
1. Failed to delete one or more files in run directory C:/Users/Manuel Aguirre/Desktop/Proyecto Base/Proyecto Base.runs/synth_1

launch_runs synth_1 -jobs 4
[Mon Apr  9 21:07:52 2018] Launched synth_1...
Run output will be captured here: C:/Users/Manuel Aguirre/Desktop/Proyecto Base/Proyecto Base.runs/synth_1/runme.log
launch_runs impl_1 -jobs 4
[Mon Apr  9 21:08:50 2018] Launched impl_1...
Run output will be captured here: C:/Users/Manuel Aguirre/Desktop/Proyecto Base/Proyecto Base.runs/impl_1/runme.log
launch_runs impl_1 -to_step write_bitstream -jobs 4
[Mon Apr  9 21:10:05 2018] Launched impl_1...
Run output will be captured here: C:/Users/Manuel Aguirre/Desktop/Proyecto Base/Proyecto Base.runs/impl_1/runme.log
set_property PROBES.FILE {} [get_hw_devices xc7a35t_0]
set_property FULL_PROBES.FILE {} [get_hw_devices xc7a35t_0]
set_property PROGRAM.FILE {C:/Users/Manuel Aguirre/Desktop/Proyecto Base/Proyecto Base.runs/impl_1/Basys3.bit} [get_hw_devices xc7a35t_0]
program_hw_devices [get_hw_devices xc7a35t_0]
INFO: [Labtools 27-3164] End of startup status: HIGH
refresh_hw_device [lindex [get_hw_devices xc7a35t_0] 0]
INFO: [Labtools 27-1434] Device xc7a35t (JTAG device index = 0) is programmed with a design that has no supported debug core(s) in it.
WARNING: [Labtools 27-3361] The debug hub core was not detected.
Resolution: 
1. Make sure the clock connected to the debug hub (dbg_hub) core is a free running clock and is active.
2. Make sure the BSCAN_SWITCH_USER_MASK device property in Vivado Hardware Manager reflects the user scan chain setting in the design and refresh the device.  To determine the user scan chain setting in the design, open the implemented design and use 'get_property C_USER_SCAN_CHAIN [get_debug_cores dbg_hub]'.
For more details on setting the scan chain property, consult the Vivado Debug and Programming User Guide (UG908).
reset_run synth_1
WARNING: [Vivado 12-1017] Problems encountered:
1. Failed to delete one or more files in run directory C:/Users/Manuel Aguirre/Desktop/Proyecto Base/Proyecto Base.runs/synth_1

launch_runs synth_1 -jobs 4
[Mon Apr  9 21:13:54 2018] Launched synth_1...
Run output will be captured here: C:/Users/Manuel Aguirre/Desktop/Proyecto Base/Proyecto Base.runs/synth_1/runme.log
launch_runs impl_1 -jobs 4
[Mon Apr  9 21:14:52 2018] Launched impl_1...
Run output will be captured here: C:/Users/Manuel Aguirre/Desktop/Proyecto Base/Proyecto Base.runs/impl_1/runme.log
launch_runs impl_1 -to_step write_bitstream -jobs 4
[Mon Apr  9 21:16:09 2018] Launched impl_1...
Run output will be captured here: C:/Users/Manuel Aguirre/Desktop/Proyecto Base/Proyecto Base.runs/impl_1/runme.log
set_property PROBES.FILE {} [get_hw_devices xc7a35t_0]
set_property FULL_PROBES.FILE {} [get_hw_devices xc7a35t_0]
set_property PROGRAM.FILE {C:/Users/Manuel Aguirre/Desktop/Proyecto Base/Proyecto Base.runs/impl_1/Basys3.bit} [get_hw_devices xc7a35t_0]
program_hw_devices [get_hw_devices xc7a35t_0]
INFO: [Labtools 27-3164] End of startup status: HIGH
refresh_hw_device [lindex [get_hw_devices xc7a35t_0] 0]
INFO: [Labtools 27-1434] Device xc7a35t (JTAG device index = 0) is programmed with a design that has no supported debug core(s) in it.
WARNING: [Labtools 27-3361] The debug hub core was not detected.
Resolution: 
1. Make sure the clock connected to the debug hub (dbg_hub) core is a free running clock and is active.
2. Make sure the BSCAN_SWITCH_USER_MASK device property in Vivado Hardware Manager reflects the user scan chain setting in the design and refresh the device.  To determine the user scan chain setting in the design, open the implemented design and use 'get_property C_USER_SCAN_CHAIN [get_debug_cores dbg_hub]'.
For more details on setting the scan chain property, consult the Vivado Debug and Programming User Guide (UG908).
reset_run synth_1
WARNING: [Vivado 12-1017] Problems encountered:
1. Failed to delete one or more files in run directory C:/Users/Manuel Aguirre/Desktop/Proyecto Base/Proyecto Base.runs/synth_1

launch_runs synth_1 -jobs 4
[Mon Apr  9 21:17:56 2018] Launched synth_1...
Run output will be captured here: C:/Users/Manuel Aguirre/Desktop/Proyecto Base/Proyecto Base.runs/synth_1/runme.log
launch_runs impl_1 -jobs 4
[Mon Apr  9 21:18:51 2018] Launched impl_1...
Run output will be captured here: C:/Users/Manuel Aguirre/Desktop/Proyecto Base/Proyecto Base.runs/impl_1/runme.log
launch_runs impl_1 -to_step write_bitstream -jobs 4
[Mon Apr  9 21:20:07 2018] Launched impl_1...
Run output will be captured here: C:/Users/Manuel Aguirre/Desktop/Proyecto Base/Proyecto Base.runs/impl_1/runme.log
set_property PROBES.FILE {} [get_hw_devices xc7a35t_0]
set_property FULL_PROBES.FILE {} [get_hw_devices xc7a35t_0]
set_property PROGRAM.FILE {C:/Users/Manuel Aguirre/Desktop/Proyecto Base/Proyecto Base.runs/impl_1/Basys3.bit} [get_hw_devices xc7a35t_0]
program_hw_devices [get_hw_devices xc7a35t_0]
INFO: [Labtools 27-3164] End of startup status: HIGH
refresh_hw_device [lindex [get_hw_devices xc7a35t_0] 0]
INFO: [Labtools 27-1434] Device xc7a35t (JTAG device index = 0) is programmed with a design that has no supported debug core(s) in it.
WARNING: [Labtools 27-3361] The debug hub core was not detected.
Resolution: 
1. Make sure the clock connected to the debug hub (dbg_hub) core is a free running clock and is active.
2. Make sure the BSCAN_SWITCH_USER_MASK device property in Vivado Hardware Manager reflects the user scan chain setting in the design and refresh the device.  To determine the user scan chain setting in the design, open the implemented design and use 'get_property C_USER_SCAN_CHAIN [get_debug_cores dbg_hub]'.
For more details on setting the scan chain property, consult the Vivado Debug and Programming User Guide (UG908).
reset_run synth_1
WARNING: [Vivado 12-1017] Problems encountered:
1. Failed to delete one or more files in run directory C:/Users/Manuel Aguirre/Desktop/Proyecto Base/Proyecto Base.runs/synth_1

launch_runs synth_1 -jobs 4
[Mon Apr  9 21:29:15 2018] Launched synth_1...
Run output will be captured here: C:/Users/Manuel Aguirre/Desktop/Proyecto Base/Proyecto Base.runs/synth_1/runme.log
launch_runs impl_1 -jobs 4
[Mon Apr  9 21:30:12 2018] Launched impl_1...
Run output will be captured here: C:/Users/Manuel Aguirre/Desktop/Proyecto Base/Proyecto Base.runs/impl_1/runme.log
launch_runs impl_1 -to_step write_bitstream -jobs 4
[Mon Apr  9 21:31:31 2018] Launched impl_1...
Run output will be captured here: C:/Users/Manuel Aguirre/Desktop/Proyecto Base/Proyecto Base.runs/impl_1/runme.log
set_property PROBES.FILE {} [get_hw_devices xc7a35t_0]
set_property FULL_PROBES.FILE {} [get_hw_devices xc7a35t_0]
set_property PROGRAM.FILE {C:/Users/Manuel Aguirre/Desktop/Proyecto Base/Proyecto Base.runs/impl_1/Basys3.bit} [get_hw_devices xc7a35t_0]
program_hw_devices [get_hw_devices xc7a35t_0]
INFO: [Labtools 27-3164] End of startup status: HIGH
refresh_hw_device [lindex [get_hw_devices xc7a35t_0] 0]
INFO: [Labtools 27-1434] Device xc7a35t (JTAG device index = 0) is programmed with a design that has no supported debug core(s) in it.
WARNING: [Labtools 27-3361] The debug hub core was not detected.
Resolution: 
1. Make sure the clock connected to the debug hub (dbg_hub) core is a free running clock and is active.
2. Make sure the BSCAN_SWITCH_USER_MASK device property in Vivado Hardware Manager reflects the user scan chain setting in the design and refresh the device.  To determine the user scan chain setting in the design, open the implemented design and use 'get_property C_USER_SCAN_CHAIN [get_debug_cores dbg_hub]'.
For more details on setting the scan chain property, consult the Vivado Debug and Programming User Guide (UG908).
reset_run synth_1
WARNING: [Vivado 12-1017] Problems encountered:
1. Failed to delete one or more files in run directory C:/Users/Manuel Aguirre/Desktop/Proyecto Base/Proyecto Base.runs/synth_1

launch_runs synth_1 -jobs 4
[Mon Apr  9 21:34:40 2018] Launched synth_1...
Run output will be captured here: C:/Users/Manuel Aguirre/Desktop/Proyecto Base/Proyecto Base.runs/synth_1/runme.log
launch_runs impl_1 -jobs 4
[Mon Apr  9 21:35:40 2018] Launched impl_1...
Run output will be captured here: C:/Users/Manuel Aguirre/Desktop/Proyecto Base/Proyecto Base.runs/impl_1/runme.log
launch_runs impl_1 -to_step write_bitstream -jobs 4
[Mon Apr  9 21:36:58 2018] Launched impl_1...
Run output will be captured here: C:/Users/Manuel Aguirre/Desktop/Proyecto Base/Proyecto Base.runs/impl_1/runme.log
set_property PROBES.FILE {} [get_hw_devices xc7a35t_0]
set_property FULL_PROBES.FILE {} [get_hw_devices xc7a35t_0]
set_property PROGRAM.FILE {C:/Users/Manuel Aguirre/Desktop/Proyecto Base/Proyecto Base.runs/impl_1/Basys3.bit} [get_hw_devices xc7a35t_0]
program_hw_devices [get_hw_devices xc7a35t_0]
INFO: [Labtools 27-3164] End of startup status: HIGH
refresh_hw_device [lindex [get_hw_devices xc7a35t_0] 0]
INFO: [Labtools 27-1434] Device xc7a35t (JTAG device index = 0) is programmed with a design that has no supported debug core(s) in it.
WARNING: [Labtools 27-3361] The debug hub core was not detected.
Resolution: 
1. Make sure the clock connected to the debug hub (dbg_hub) core is a free running clock and is active.
2. Make sure the BSCAN_SWITCH_USER_MASK device property in Vivado Hardware Manager reflects the user scan chain setting in the design and refresh the device.  To determine the user scan chain setting in the design, open the implemented design and use 'get_property C_USER_SCAN_CHAIN [get_debug_cores dbg_hub]'.
For more details on setting the scan chain property, consult the Vivado Debug and Programming User Guide (UG908).
set_property PROBES.FILE {} [get_hw_devices xc7a35t_0]
set_property FULL_PROBES.FILE {} [get_hw_devices xc7a35t_0]
set_property PROGRAM.FILE {C:/Users/Manuel Aguirre/Desktop/Proyecto Base/Proyecto Base.runs/impl_1/Basys3.bit} [get_hw_devices xc7a35t_0]
program_hw_devices [get_hw_devices xc7a35t_0]
INFO: [Labtools 27-3164] End of startup status: HIGH
refresh_hw_device [lindex [get_hw_devices xc7a35t_0] 0]
INFO: [Labtools 27-1434] Device xc7a35t (JTAG device index = 0) is programmed with a design that has no supported debug core(s) in it.
WARNING: [Labtools 27-3361] The debug hub core was not detected.
Resolution: 
1. Make sure the clock connected to the debug hub (dbg_hub) core is a free running clock and is active.
2. Make sure the BSCAN_SWITCH_USER_MASK device property in Vivado Hardware Manager reflects the user scan chain setting in the design and refresh the device.  To determine the user scan chain setting in the design, open the implemented design and use 'get_property C_USER_SCAN_CHAIN [get_debug_cores dbg_hub]'.
For more details on setting the scan chain property, consult the Vivado Debug and Programming User Guide (UG908).
reset_run synth_1
WARNING: [Vivado 12-1017] Problems encountered:
1. Failed to delete one or more files in run directory C:/Users/Manuel Aguirre/Desktop/Proyecto Base/Proyecto Base.runs/synth_1

launch_runs synth_1 -jobs 4
[Mon Apr  9 21:44:13 2018] Launched synth_1...
Run output will be captured here: C:/Users/Manuel Aguirre/Desktop/Proyecto Base/Proyecto Base.runs/synth_1/runme.log
launch_runs impl_1 -jobs 4
[Mon Apr  9 21:45:09 2018] Launched impl_1...
Run output will be captured here: C:/Users/Manuel Aguirre/Desktop/Proyecto Base/Proyecto Base.runs/impl_1/runme.log
launch_runs impl_1 -to_step write_bitstream -jobs 4
[Mon Apr  9 21:47:37 2018] Launched impl_1...
Run output will be captured here: C:/Users/Manuel Aguirre/Desktop/Proyecto Base/Proyecto Base.runs/impl_1/runme.log
set_property PROBES.FILE {} [get_hw_devices xc7a35t_0]
set_property FULL_PROBES.FILE {} [get_hw_devices xc7a35t_0]
set_property PROGRAM.FILE {C:/Users/Manuel Aguirre/Desktop/Proyecto Base/Proyecto Base.runs/impl_1/Basys3.bit} [get_hw_devices xc7a35t_0]
program_hw_devices [get_hw_devices xc7a35t_0]
INFO: [Labtools 27-3164] End of startup status: HIGH
refresh_hw_device [lindex [get_hw_devices xc7a35t_0] 0]
INFO: [Labtools 27-1434] Device xc7a35t (JTAG device index = 0) is programmed with a design that has no supported debug core(s) in it.
WARNING: [Labtools 27-3361] The debug hub core was not detected.
Resolution: 
1. Make sure the clock connected to the debug hub (dbg_hub) core is a free running clock and is active.
2. Make sure the BSCAN_SWITCH_USER_MASK device property in Vivado Hardware Manager reflects the user scan chain setting in the design and refresh the device.  To determine the user scan chain setting in the design, open the implemented design and use 'get_property C_USER_SCAN_CHAIN [get_debug_cores dbg_hub]'.
For more details on setting the scan chain property, consult the Vivado Debug and Programming User Guide (UG908).
reset_run synth_1
WARNING: [Vivado 12-1017] Problems encountered:
1. Failed to delete one or more files in run directory C:/Users/Manuel Aguirre/Desktop/Proyecto Base/Proyecto Base.runs/synth_1

launch_runs synth_1 -jobs 4
[Mon Apr  9 21:54:01 2018] Launched synth_1...
Run output will be captured here: C:/Users/Manuel Aguirre/Desktop/Proyecto Base/Proyecto Base.runs/synth_1/runme.log
launch_runs impl_1 -jobs 4
[Mon Apr  9 21:55:05 2018] Launched impl_1...
Run output will be captured here: C:/Users/Manuel Aguirre/Desktop/Proyecto Base/Proyecto Base.runs/impl_1/runme.log
launch_runs impl_1 -to_step write_bitstream -jobs 4
[Mon Apr  9 21:56:27 2018] Launched impl_1...
Run output will be captured here: C:/Users/Manuel Aguirre/Desktop/Proyecto Base/Proyecto Base.runs/impl_1/runme.log
set_property PROBES.FILE {} [get_hw_devices xc7a35t_0]
set_property FULL_PROBES.FILE {} [get_hw_devices xc7a35t_0]
set_property PROGRAM.FILE {C:/Users/Manuel Aguirre/Desktop/Proyecto Base/Proyecto Base.runs/impl_1/Basys3.bit} [get_hw_devices xc7a35t_0]
program_hw_devices [get_hw_devices xc7a35t_0]
INFO: [Labtools 27-3164] End of startup status: HIGH
refresh_hw_device [lindex [get_hw_devices xc7a35t_0] 0]
INFO: [Labtools 27-1434] Device xc7a35t (JTAG device index = 0) is programmed with a design that has no supported debug core(s) in it.
WARNING: [Labtools 27-3361] The debug hub core was not detected.
Resolution: 
1. Make sure the clock connected to the debug hub (dbg_hub) core is a free running clock and is active.
2. Make sure the BSCAN_SWITCH_USER_MASK device property in Vivado Hardware Manager reflects the user scan chain setting in the design and refresh the device.  To determine the user scan chain setting in the design, open the implemented design and use 'get_property C_USER_SCAN_CHAIN [get_debug_cores dbg_hub]'.
For more details on setting the scan chain property, consult the Vivado Debug and Programming User Guide (UG908).
reset_run synth_1
WARNING: [Vivado 12-1017] Problems encountered:
1. Failed to delete one or more files in run directory C:/Users/Manuel Aguirre/Desktop/Proyecto Base/Proyecto Base.runs/synth_1

close_sim
INFO: [Simtcl 6-16] Simulation closed
exit
INFO: [Common 17-206] Exiting Vivado at Mon Apr  9 22:08:16 2018...
